[
  {
    "hostvalue": [
      {
        "name": "arch_string", 
        "_text": "-"
      }, 
      {
        "name": "num_proc", 
        "_text": "-"
      }, 
      {
        "name": "load_avg", 
        "_text": "-"
      }, 
      {
        "name": "mem_total", 
        "_text": "-"
      }, 
      {
        "name": "mem_used", 
        "_text": "-"
      }, 
      {
        "name": "swap_total", 
        "_text": "-"
      }, 
      {
        "name": "swap_used", 
        "_text": "-"
      }
    ], 
    "name": "global", 
    "_text": "\n   "
  }, 
  {
    "hostvalue": [
      {
        "name": "arch_string", 
        "_text": "linux-x64"
      }, 
      {
        "name": "num_proc", 
        "_text": "32"
      }, 
      {
        "name": "load_avg", 
        "_text": "31.89"
      }, 
      {
        "name": "mem_total", 
        "_text": "93.1G"
      }, 
      {
        "name": "mem_used", 
        "_text": "7.7G"
      }, 
      {
        "name": "swap_total", 
        "_text": "106.0G"
      }, 
      {
        "name": "swap_used", 
        "_text": "984.1M"
      }
    ], 
    "name": "x1701", 
    "_text": "\n   "
  }, 
  {
    "hostvalue": [
      {
        "name": "arch_string", 
        "_text": "linux-x64"
      }, 
      {
        "name": "num_proc", 
        "_text": "32"
      }, 
      {
        "name": "load_avg", 
        "_text": "32.16"
      }, 
      {
        "name": "mem_total", 
        "_text": "93.1G"
      }, 
      {
        "name": "mem_used", 
        "_text": "10.0G"
      }, 
      {
        "name": "swap_total", 
        "_text": "106.0G"
      }, 
      {
        "name": "swap_used", 
        "_text": "1.2G"
      }
    ], 
    "name": "x1702", 
    "_text": "\n   "
  }, 
  {
    "hostvalue": [
      {
        "name": "arch_string", 
        "_text": "linux-x64"
      }, 
      {
        "name": "num_proc", 
        "_text": "32"
      }, 
      {
        "name": "load_avg", 
        "_text": "31.75"
      }, 
      {
        "name": "mem_total", 
        "_text": "93.1G"
      }, 
      {
        "name": "mem_used", 
        "_text": "10.2G"
      }, 
      {
        "name": "swap_total", 
        "_text": "106.0G"
      }, 
      {
        "name": "swap_used", 
        "_text": "895.7M"
      }
    ], 
    "name": "x1703", 
    "_text": "\n   "
  }, 
  {
    "hostvalue": [
      {
        "name": "arch_string", 
        "_text": "linux-x64"
      }, 
      {
        "name": "num_proc", 
        "_text": "32"
      }, 
      {
        "name": "load_avg", 
        "_text": "63.15"
      }, 
      {
        "name": "mem_total", 
        "_text": "93.1G"
      }, 
      {
        "name": "mem_used", 
        "_text": "36.3G"
      }, 
      {
        "name": "swap_total", 
        "_text": "106.0G"
      }, 
      {
        "name": "swap_used", 
        "_text": "1.2G"
      }
    ], 
    "name": "x1704", 
    "_text": "\n   "
  }, 
  {
    "hostvalue": [
      {
        "name": "arch_string", 
        "_text": "linux-x64"
      }, 
      {
        "name": "num_proc", 
        "_text": "32"
      }, 
      {
        "name": "load_avg", 
        "_text": "32.12"
      }, 
      {
        "name": "mem_total", 
        "_text": "93.1G"
      }, 
      {
        "name": "mem_used", 
        "_text": "64.5G"
      }, 
      {
        "name": "swap_total", 
        "_text": "106.0G"
      }, 
      {
        "name": "swap_used", 
        "_text": "978.4M"
      }
    ], 
    "name": "x1705", 
    "_text": "\n   "
  }, 
  {
    "hostvalue": [
      {
        "name": "arch_string", 
        "_text": "linux-x64"
      }, 
      {
        "name": "num_proc", 
        "_text": "32"
      }, 
      {
        "name": "load_avg", 
        "_text": "32.04"
      }, 
      {
        "name": "mem_total", 
        "_text": "93.1G"
      }, 
      {
        "name": "mem_used", 
        "_text": "10.4G"
      }, 
      {
        "name": "swap_total", 
        "_text": "106.0G"
      }, 
      {
        "name": "swap_used", 
        "_text": "896.1M"
      }
    ], 
    "name": "x1706", 
    "_text": "\n   "
  }, 
  {
    "hostvalue": [
      {
        "name": "arch_string", 
        "_text": "linux-x64"
      }, 
      {
        "name": "num_proc", 
        "_text": "32"
      }, 
      {
        "name": "load_avg", 
        "_text": "32.00"
      }, 
      {
        "name": "mem_total", 
        "_text": "93.1G"
      }, 
      {
        "name": "mem_used", 
        "_text": "10.1G"
      }, 
      {
        "name": "swap_total", 
        "_text": "106.0G"
      }, 
      {
        "name": "swap_used", 
        "_text": "1.3G"
      }
    ], 
    "name": "x1707", 
    "_text": "\n   "
  }, 
  {
    "hostvalue": [
      {
        "name": "arch_string", 
        "_text": "linux-x64"
      }, 
      {
        "name": "num_proc", 
        "_text": "32"
      }, 
      {
        "name": "load_avg", 
        "_text": "32.23"
      }, 
      {
        "name": "mem_total", 
        "_text": "93.1G"
      }, 
      {
        "name": "mem_used", 
        "_text": "10.3G"
      }, 
      {
        "name": "swap_total", 
        "_text": "106.0G"
      }, 
      {
        "name": "swap_used", 
        "_text": "1.1G"
      }
    ], 
    "name": "x1708", 
    "_text": "\n   "
  }, 
  {
    "hostvalue": [
      {
        "name": "arch_string", 
        "_text": "linux-x64"
      }, 
      {
        "name": "num_proc", 
        "_text": "40"
      }, 
      {
        "name": "load_avg", 
        "_text": "40.05"
      }, 
      {
        "name": "mem_total", 
        "_text": "187.6G"
      }, 
      {
        "name": "mem_used", 
        "_text": "12.0G"
      }, 
      {
        "name": "swap_total", 
        "_text": "128.0G"
      }, 
      {
        "name": "swap_used", 
        "_text": "995.1M"
      }
    ], 
    "name": "x1901", 
    "_text": "\n   "
  }, 
  {
    "hostvalue": [
      {
        "name": "arch_string", 
        "_text": "linux-x64"
      }, 
      {
        "name": "num_proc", 
        "_text": "40"
      }, 
      {
        "name": "load_avg", 
        "_text": "79.05"
      }, 
      {
        "name": "mem_total", 
        "_text": "187.6G"
      }, 
      {
        "name": "mem_used", 
        "_text": "41.2G"
      }, 
      {
        "name": "swap_total", 
        "_text": "128.0G"
      }, 
      {
        "name": "swap_used", 
        "_text": "723.3M"
      }
    ], 
    "name": "x1902", 
    "_text": "\n   "
  }, 
  {
    "hostvalue": [
      {
        "name": "arch_string", 
        "_text": "linux-x64"
      }, 
      {
        "name": "num_proc", 
        "_text": "40"
      }, 
      {
        "name": "load_avg", 
        "_text": "40.02"
      }, 
      {
        "name": "mem_total", 
        "_text": "187.6G"
      }, 
      {
        "name": "mem_used", 
        "_text": "12.8G"
      }, 
      {
        "name": "swap_total", 
        "_text": "128.0G"
      }, 
      {
        "name": "swap_used", 
        "_text": "878.7M"
      }
    ], 
    "name": "x1903", 
    "_text": "\n   "
  }, 
  {
    "hostvalue": [
      {
        "name": "arch_string", 
        "_text": "linux-x64"
      }, 
      {
        "name": "num_proc", 
        "_text": "40"
      }, 
      {
        "name": "load_avg", 
        "_text": "40.02"
      }, 
      {
        "name": "mem_total", 
        "_text": "187.6G"
      }, 
      {
        "name": "mem_used", 
        "_text": "14.8G"
      }, 
      {
        "name": "swap_total", 
        "_text": "128.0G"
      }, 
      {
        "name": "swap_used", 
        "_text": "128.2M"
      }
    ], 
    "name": "x1904", 
    "_text": "\n   "
  }, 
  {
    "hostvalue": [
      {
        "name": "arch_string", 
        "_text": "linux-x64"
      }, 
      {
        "name": "num_proc", 
        "_text": "40"
      }, 
      {
        "name": "load_avg", 
        "_text": "40.06"
      }, 
      {
        "name": "mem_total", 
        "_text": "187.6G"
      }, 
      {
        "name": "mem_used", 
        "_text": "7.6G"
      }, 
      {
        "name": "swap_total", 
        "_text": "128.0G"
      }, 
      {
        "name": "swap_used", 
        "_text": "122.5M"
      }
    ], 
    "name": "x1905", 
    "_text": "\n   "
  }, 
  {
    "hostvalue": [
      {
        "name": "arch_string", 
        "_text": "linux-x64"
      }, 
      {
        "name": "num_proc", 
        "_text": "40"
      }, 
      {
        "name": "load_avg", 
        "_text": "40.04"
      }, 
      {
        "name": "mem_total", 
        "_text": "187.6G"
      }, 
      {
        "name": "mem_used", 
        "_text": "12.6G"
      }, 
      {
        "name": "swap_total", 
        "_text": "128.0G"
      }, 
      {
        "name": "swap_used", 
        "_text": "152.5M"
      }
    ], 
    "name": "x1906", 
    "_text": "\n   "
  }, 
  {
    "hostvalue": [
      {
        "name": "arch_string", 
        "_text": "linux-x64"
      }, 
      {
        "name": "num_proc", 
        "_text": "52"
      }, 
      {
        "name": "load_avg", 
        "_text": "52.15"
      }, 
      {
        "name": "mem_total", 
        "_text": "187.6G"
      }, 
      {
        "name": "mem_used", 
        "_text": "22.0G"
      }, 
      {
        "name": "swap_total", 
        "_text": "128.0G"
      }, 
      {
        "name": "swap_used", 
        "_text": "332.5M"
      }
    ], 
    "name": "x2001", 
    "_text": "\n   "
  }, 
  {
    "hostvalue": [
      {
        "name": "arch_string", 
        "_text": "linux-x64"
      }, 
      {
        "name": "num_proc", 
        "_text": "52"
      }, 
      {
        "name": "load_avg", 
        "_text": "52.15"
      }, 
      {
        "name": "mem_total", 
        "_text": "187.6G"
      }, 
      {
        "name": "mem_used", 
        "_text": "35.9G"
      }, 
      {
        "name": "swap_total", 
        "_text": "128.0G"
      }, 
      {
        "name": "swap_used", 
        "_text": "378.5M"
      }
    ], 
    "name": "x2002", 
    "_text": "\n   "
  }, 
  {
    "hostvalue": [
      {
        "name": "arch_string", 
        "_text": "linux-x64"
      }, 
      {
        "name": "num_proc", 
        "_text": "52"
      }, 
      {
        "name": "load_avg", 
        "_text": "52.14"
      }, 
      {
        "name": "mem_total", 
        "_text": "187.6G"
      }, 
      {
        "name": "mem_used", 
        "_text": "29.1G"
      }, 
      {
        "name": "swap_total", 
        "_text": "128.0G"
      }, 
      {
        "name": "swap_used", 
        "_text": "390.1M"
      }
    ], 
    "name": "x2003", 
    "_text": "\n   "
  }, 
  {
    "hostvalue": [
      {
        "name": "arch_string", 
        "_text": "linux-x64"
      }, 
      {
        "name": "num_proc", 
        "_text": "52"
      }, 
      {
        "name": "load_avg", 
        "_text": "51.71"
      }, 
      {
        "name": "mem_total", 
        "_text": "187.6G"
      }, 
      {
        "name": "mem_used", 
        "_text": "11.5G"
      }, 
      {
        "name": "swap_total", 
        "_text": "128.0G"
      }, 
      {
        "name": "swap_used", 
        "_text": "380.0M"
      }
    ], 
    "name": "x2004", 
    "_text": "\n   "
  }, 
  {
    "hostvalue": [
      {
        "name": "arch_string", 
        "_text": "linux-x64"
      }, 
      {
        "name": "num_proc", 
        "_text": "52"
      }, 
      {
        "name": "load_avg", 
        "_text": "52.09"
      }, 
      {
        "name": "mem_total", 
        "_text": "187.6G"
      }, 
      {
        "name": "mem_used", 
        "_text": "25.3G"
      }, 
      {
        "name": "swap_total", 
        "_text": "128.0G"
      }, 
      {
        "name": "swap_used", 
        "_text": "469.6M"
      }
    ], 
    "name": "x2005", 
    "_text": "\n   "
  }, 
  {
    "hostvalue": [
      {
        "name": "arch_string", 
        "_text": "linux-x64"
      }, 
      {
        "name": "num_proc", 
        "_text": "52"
      }, 
      {
        "name": "load_avg", 
        "_text": "52.01"
      }, 
      {
        "name": "mem_total", 
        "_text": "187.6G"
      }, 
      {
        "name": "mem_used", 
        "_text": "3.2G"
      }, 
      {
        "name": "swap_total", 
        "_text": "128.0G"
      }, 
      {
        "name": "swap_used", 
        "_text": "483.8M"
      }
    ], 
    "name": "x2006", 
    "_text": "\n   "
  }, 
  {
    "hostvalue": [
      {
        "name": "arch_string", 
        "_text": "linux-x64"
      }, 
      {
        "name": "num_proc", 
        "_text": "52"
      }, 
      {
        "name": "load_avg", 
        "_text": "52.18"
      }, 
      {
        "name": "mem_total", 
        "_text": "187.6G"
      }, 
      {
        "name": "mem_used", 
        "_text": "32.6G"
      }, 
      {
        "name": "swap_total", 
        "_text": "128.0G"
      }, 
      {
        "name": "swap_used", 
        "_text": "429.3M"
      }
    ], 
    "name": "x2007", 
    "_text": "\n   "
  }, 
  {
    "hostvalue": [
      {
        "name": "arch_string", 
        "_text": "linux-x64"
      }, 
      {
        "name": "num_proc", 
        "_text": "52"
      }, 
      {
        "name": "load_avg", 
        "_text": "52.15"
      }, 
      {
        "name": "mem_total", 
        "_text": "187.6G"
      }, 
      {
        "name": "mem_used", 
        "_text": "21.8G"
      }, 
      {
        "name": "swap_total", 
        "_text": "128.0G"
      }, 
      {
        "name": "swap_used", 
        "_text": "553.2M"
      }
    ], 
    "name": "x2008", 
    "_text": "\n   "
  }, 
  {
    "hostvalue": [
      {
        "name": "arch_string", 
        "_text": "linux-x64"
      }, 
      {
        "name": "num_proc", 
        "_text": "52"
      }, 
      {
        "name": "load_avg", 
        "_text": "52.02"
      }, 
      {
        "name": "mem_total", 
        "_text": "187.6G"
      }, 
      {
        "name": "mem_used", 
        "_text": "3.9G"
      }, 
      {
        "name": "swap_total", 
        "_text": "128.0G"
      }, 
      {
        "name": "swap_used", 
        "_text": "391.0M"
      }
    ], 
    "name": "x2009", 
    "_text": "\n   "
  }, 
  {
    "hostvalue": [
      {
        "name": "arch_string", 
        "_text": "linux-x64"
      }, 
      {
        "name": "num_proc", 
        "_text": "52"
      }, 
      {
        "name": "load_avg", 
        "_text": "52.14"
      }, 
      {
        "name": "mem_total", 
        "_text": "187.6G"
      }, 
      {
        "name": "mem_used", 
        "_text": "13.1G"
      }, 
      {
        "name": "swap_total", 
        "_text": "128.0G"
      }, 
      {
        "name": "swap_used", 
        "_text": "501.2M"
      }
    ], 
    "name": "x2010", 
    "_text": "\n   "
  }, 
  {
    "hostvalue": [
      {
        "name": "arch_string", 
        "_text": "linux-x64"
      }, 
      {
        "name": "num_proc", 
        "_text": "52"
      }, 
      {
        "name": "load_avg", 
        "_text": "52.38"
      }, 
      {
        "name": "mem_total", 
        "_text": "187.6G"
      }, 
      {
        "name": "mem_used", 
        "_text": "38.9G"
      }, 
      {
        "name": "swap_total", 
        "_text": "128.0G"
      }, 
      {
        "name": "swap_used", 
        "_text": "589.0M"
      }
    ], 
    "name": "x2011", 
    "_text": "\n   "
  }, 
  {
    "hostvalue": [
      {
        "name": "arch_string", 
        "_text": "linux-x64"
      }, 
      {
        "name": "num_proc", 
        "_text": "52"
      }, 
      {
        "name": "load_avg", 
        "_text": "52.15"
      }, 
      {
        "name": "mem_total", 
        "_text": "187.6G"
      }, 
      {
        "name": "mem_used", 
        "_text": "21.9G"
      }, 
      {
        "name": "swap_total", 
        "_text": "128.0G"
      }, 
      {
        "name": "swap_used", 
        "_text": "636.4M"
      }
    ], 
    "name": "x2012", 
    "_text": "\n   "
  }, 
  {
    "hostvalue": [
      {
        "name": "arch_string", 
        "_text": "linux-x64"
      }, 
      {
        "name": "num_proc", 
        "_text": "52"
      }, 
      {
        "name": "load_avg", 
        "_text": "52.01"
      }, 
      {
        "name": "mem_total", 
        "_text": "187.6G"
      }, 
      {
        "name": "mem_used", 
        "_text": "3.8G"
      }, 
      {
        "name": "swap_total", 
        "_text": "128.0G"
      }, 
      {
        "name": "swap_used", 
        "_text": "494.7M"
      }
    ], 
    "name": "x2013", 
    "_text": "\n   "
  }, 
  {
    "hostvalue": [
      {
        "name": "arch_string", 
        "_text": "linux-x64"
      }, 
      {
        "name": "num_proc", 
        "_text": "52"
      }, 
      {
        "name": "load_avg", 
        "_text": "54.07"
      }, 
      {
        "name": "mem_total", 
        "_text": "187.6G"
      }, 
      {
        "name": "mem_used", 
        "_text": "20.8G"
      }, 
      {
        "name": "swap_total", 
        "_text": "128.0G"
      }, 
      {
        "name": "swap_used", 
        "_text": "412.6M"
      }
    ], 
    "name": "x2014", 
    "_text": "\n   "
  }, 
  {
    "hostvalue": [
      {
        "name": "arch_string", 
        "_text": "linux-x64"
      }, 
      {
        "name": "num_proc", 
        "_text": "52"
      }, 
      {
        "name": "load_avg", 
        "_text": "0.01"
      }, 
      {
        "name": "mem_total", 
        "_text": "187.6G"
      }, 
      {
        "name": "mem_used", 
        "_text": "2.7G"
      }, 
      {
        "name": "swap_total", 
        "_text": "128.0G"
      }, 
      {
        "name": "swap_used", 
        "_text": "0.0"
      }
    ], 
    "name": "x2015", 
    "_text": "\n   "
  }, 
  {
    "hostvalue": [
      {
        "name": "arch_string", 
        "_text": "linux-x64"
      }, 
      {
        "name": "num_proc", 
        "_text": "52"
      }, 
      {
        "name": "load_avg", 
        "_text": "52.02"
      }, 
      {
        "name": "mem_total", 
        "_text": "187.6G"
      }, 
      {
        "name": "mem_used", 
        "_text": "12.5G"
      }, 
      {
        "name": "swap_total", 
        "_text": "128.0G"
      }, 
      {
        "name": "swap_used", 
        "_text": "458.6M"
      }
    ], 
    "name": "x2016", 
    "_text": "\n   "
  }, 
  {
    "hostvalue": [
      {
        "name": "arch_string", 
        "_text": "linux-x64"
      }, 
      {
        "name": "num_proc", 
        "_text": "52"
      }, 
      {
        "name": "load_avg", 
        "_text": "52.06"
      }, 
      {
        "name": "mem_total", 
        "_text": "187.6G"
      }, 
      {
        "name": "mem_used", 
        "_text": "12.0G"
      }, 
      {
        "name": "swap_total", 
        "_text": "128.0G"
      }, 
      {
        "name": "swap_used", 
        "_text": "514.1M"
      }
    ], 
    "name": "x2017", 
    "_text": "\n   "
  }, 
  {
    "hostvalue": [
      {
        "name": "arch_string", 
        "_text": "linux-x64"
      }, 
      {
        "name": "num_proc", 
        "_text": "52"
      }, 
      {
        "name": "load_avg", 
        "_text": "52.10"
      }, 
      {
        "name": "mem_total", 
        "_text": "187.6G"
      }, 
      {
        "name": "mem_used", 
        "_text": "3.8G"
      }, 
      {
        "name": "swap_total", 
        "_text": "128.0G"
      }, 
      {
        "name": "swap_used", 
        "_text": "423.1M"
      }
    ], 
    "name": "x2018", 
    "_text": "\n   "
  }, 
  {
    "hostvalue": [
      {
        "name": "arch_string", 
        "_text": "linux-x64"
      }, 
      {
        "name": "num_proc", 
        "_text": "52"
      }, 
      {
        "name": "load_avg", 
        "_text": "52.05"
      }, 
      {
        "name": "mem_total", 
        "_text": "187.6G"
      }, 
      {
        "name": "mem_used", 
        "_text": "28.3G"
      }, 
      {
        "name": "swap_total", 
        "_text": "128.0G"
      }, 
      {
        "name": "swap_used", 
        "_text": "535.9M"
      }
    ], 
    "name": "x2019", 
    "_text": "\n   "
  }, 
  {
    "hostvalue": [
      {
        "name": "arch_string", 
        "_text": "linux-x64"
      }, 
      {
        "name": "num_proc", 
        "_text": "52"
      }, 
      {
        "name": "load_avg", 
        "_text": "52.02"
      }, 
      {
        "name": "mem_total", 
        "_text": "187.6G"
      }, 
      {
        "name": "mem_used", 
        "_text": "13.5G"
      }, 
      {
        "name": "swap_total", 
        "_text": "128.0G"
      }, 
      {
        "name": "swap_used", 
        "_text": "1.1G"
      }
    ], 
    "name": "x2020", 
    "_text": "\n   "
  }, 
  {
    "hostvalue": [
      {
        "name": "arch_string", 
        "_text": "linux-x64"
      }, 
      {
        "name": "num_proc", 
        "_text": "64"
      }, 
      {
        "name": "load_avg", 
        "_text": "64.05"
      }, 
      {
        "name": "mem_total", 
        "_text": "251.5G"
      }, 
      {
        "name": "mem_used", 
        "_text": "30.4G"
      }, 
      {
        "name": "swap_total", 
        "_text": "128.0G"
      }, 
      {
        "name": "swap_used", 
        "_text": "0.0"
      }
    ], 
    "name": "x2101", 
    "_text": "\n   "
  }, 
  {
    "hostvalue": [
      {
        "name": "arch_string", 
        "_text": "linux-x64"
      }, 
      {
        "name": "num_proc", 
        "_text": "64"
      }, 
      {
        "name": "load_avg", 
        "_text": "64.07"
      }, 
      {
        "name": "mem_total", 
        "_text": "251.5G"
      }, 
      {
        "name": "mem_used", 
        "_text": "28.4G"
      }, 
      {
        "name": "swap_total", 
        "_text": "128.0G"
      }, 
      {
        "name": "swap_used", 
        "_text": "0.0"
      }
    ], 
    "name": "x2102", 
    "_text": "\n   "
  }, 
  {
    "hostvalue": [
      {
        "name": "arch_string", 
        "_text": "linux-x64"
      }, 
      {
        "name": "num_proc", 
        "_text": "64"
      }, 
      {
        "name": "load_avg", 
        "_text": "64.25"
      }, 
      {
        "name": "mem_total", 
        "_text": "251.5G"
      }, 
      {
        "name": "mem_used", 
        "_text": "65.1G"
      }, 
      {
        "name": "swap_total", 
        "_text": "128.0G"
      }, 
      {
        "name": "swap_used", 
        "_text": "0.0"
      }
    ], 
    "name": "x2103", 
    "_text": "\n   "
  }, 
  {
    "hostvalue": [
      {
        "name": "arch_string", 
        "_text": "linux-x64"
      }, 
      {
        "name": "num_proc", 
        "_text": "64"
      }, 
      {
        "name": "load_avg", 
        "_text": "64.06"
      }, 
      {
        "name": "mem_total", 
        "_text": "251.5G"
      }, 
      {
        "name": "mem_used", 
        "_text": "57.6G"
      }, 
      {
        "name": "swap_total", 
        "_text": "128.0G"
      }, 
      {
        "name": "swap_used", 
        "_text": "0.0"
      }
    ], 
    "name": "x2104", 
    "_text": "\n   "
  }, 
  {
    "hostvalue": [
      {
        "name": "arch_string", 
        "_text": "linux-x64"
      }, 
      {
        "name": "num_proc", 
        "_text": "64"
      }, 
      {
        "name": "load_avg", 
        "_text": "0.05"
      }, 
      {
        "name": "mem_total", 
        "_text": "251.5G"
      }, 
      {
        "name": "mem_used", 
        "_text": "3.1G"
      }, 
      {
        "name": "swap_total", 
        "_text": "128.0G"
      }, 
      {
        "name": "swap_used", 
        "_text": "0.0"
      }
    ], 
    "name": "x2105", 
    "_text": "\n   "
  }, 
  {
    "hostvalue": [
      {
        "name": "arch_string", 
        "_text": "linux-x64"
      }, 
      {
        "name": "num_proc", 
        "_text": "64"
      }, 
      {
        "name": "load_avg", 
        "_text": "64.05"
      }, 
      {
        "name": "mem_total", 
        "_text": "251.5G"
      }, 
      {
        "name": "mem_used", 
        "_text": "33.5G"
      }, 
      {
        "name": "swap_total", 
        "_text": "128.0G"
      }, 
      {
        "name": "swap_used", 
        "_text": "0.0"
      }
    ], 
    "name": "x2106", 
    "_text": "\n   "
  }, 
  {
    "hostvalue": [
      {
        "name": "arch_string", 
        "_text": "linux-x64"
      }, 
      {
        "name": "num_proc", 
        "_text": "64"
      }, 
      {
        "name": "load_avg", 
        "_text": "64.07"
      }, 
      {
        "name": "mem_total", 
        "_text": "251.5G"
      }, 
      {
        "name": "mem_used", 
        "_text": "65.2G"
      }, 
      {
        "name": "swap_total", 
        "_text": "128.0G"
      }, 
      {
        "name": "swap_used", 
        "_text": "0.0"
      }
    ], 
    "name": "x2107", 
    "_text": "\n   "
  }, 
  {
    "hostvalue": [
      {
        "name": "arch_string", 
        "_text": "linux-x64"
      }, 
      {
        "name": "num_proc", 
        "_text": "64"
      }, 
      {
        "name": "load_avg", 
        "_text": "64.28"
      }, 
      {
        "name": "mem_total", 
        "_text": "251.5G"
      }, 
      {
        "name": "mem_used", 
        "_text": "19.1G"
      }, 
      {
        "name": "swap_total", 
        "_text": "128.0G"
      }, 
      {
        "name": "swap_used", 
        "_text": "0.0"
      }
    ], 
    "name": "x2108", 
    "_text": "\n   "
  }, 
  {
    "hostvalue": [
      {
        "name": "arch_string", 
        "_text": "linux-x64"
      }, 
      {
        "name": "num_proc", 
        "_text": "64"
      }, 
      {
        "name": "load_avg", 
        "_text": "64.06"
      }, 
      {
        "name": "mem_total", 
        "_text": "251.5G"
      }, 
      {
        "name": "mem_used", 
        "_text": "64.9G"
      }, 
      {
        "name": "swap_total", 
        "_text": "128.0G"
      }, 
      {
        "name": "swap_used", 
        "_text": "177.7M"
      }
    ], 
    "name": "x2109", 
    "_text": "\n   "
  }, 
  {
    "hostvalue": [
      {
        "name": "arch_string", 
        "_text": "linux-x64"
      }, 
      {
        "name": "num_proc", 
        "_text": "64"
      }, 
      {
        "name": "load_avg", 
        "_text": "64.01"
      }, 
      {
        "name": "mem_total", 
        "_text": "251.5G"
      }, 
      {
        "name": "mem_used", 
        "_text": "17.8G"
      }, 
      {
        "name": "swap_total", 
        "_text": "128.0G"
      }, 
      {
        "name": "swap_used", 
        "_text": "0.0"
      }
    ], 
    "name": "x2110", 
    "_text": "\n   "
  }, 
  {
    "hostvalue": [
      {
        "name": "arch_string", 
        "_text": "linux-x64"
      }, 
      {
        "name": "num_proc", 
        "_text": "64"
      }, 
      {
        "name": "load_avg", 
        "_text": "63.74"
      }, 
      {
        "name": "mem_total", 
        "_text": "251.5G"
      }, 
      {
        "name": "mem_used", 
        "_text": "33.6G"
      }, 
      {
        "name": "swap_total", 
        "_text": "128.0G"
      }, 
      {
        "name": "swap_used", 
        "_text": "0.0"
      }
    ], 
    "name": "x2111", 
    "_text": "\n   "
  }, 
  {
    "hostvalue": [
      {
        "name": "arch_string", 
        "_text": "linux-x64"
      }, 
      {
        "name": "num_proc", 
        "_text": "64"
      }, 
      {
        "name": "load_avg", 
        "_text": "63.87"
      }, 
      {
        "name": "mem_total", 
        "_text": "251.5G"
      }, 
      {
        "name": "mem_used", 
        "_text": "29.9G"
      }, 
      {
        "name": "swap_total", 
        "_text": "128.0G"
      }, 
      {
        "name": "swap_used", 
        "_text": "0.0"
      }
    ], 
    "name": "x2112", 
    "_text": "\n   "
  }, 
  {
    "hostvalue": [
      {
        "name": "arch_string", 
        "_text": "linux-x64"
      }, 
      {
        "name": "num_proc", 
        "_text": "64"
      }, 
      {
        "name": "load_avg", 
        "_text": "64.13"
      }, 
      {
        "name": "mem_total", 
        "_text": "251.5G"
      }, 
      {
        "name": "mem_used", 
        "_text": "57.3G"
      }, 
      {
        "name": "swap_total", 
        "_text": "128.0G"
      }, 
      {
        "name": "swap_used", 
        "_text": "0.0"
      }
    ], 
    "name": "x2113", 
    "_text": "\n   "
  }, 
  {
    "hostvalue": [
      {
        "name": "arch_string", 
        "_text": "linux-x64"
      }, 
      {
        "name": "num_proc", 
        "_text": "64"
      }, 
      {
        "name": "load_avg", 
        "_text": "64.03"
      }, 
      {
        "name": "mem_total", 
        "_text": "251.5G"
      }, 
      {
        "name": "mem_used", 
        "_text": "114.1G"
      }, 
      {
        "name": "swap_total", 
        "_text": "128.0G"
      }, 
      {
        "name": "swap_used", 
        "_text": "0.0"
      }
    ], 
    "name": "x2114", 
    "_text": "\n   "
  }, 
  {
    "hostvalue": [
      {
        "name": "arch_string", 
        "_text": "linux-x64"
      }, 
      {
        "name": "num_proc", 
        "_text": "64"
      }, 
      {
        "name": "load_avg", 
        "_text": "64.05"
      }, 
      {
        "name": "mem_total", 
        "_text": "251.5G"
      }, 
      {
        "name": "mem_used", 
        "_text": "64.7G"
      }, 
      {
        "name": "swap_total", 
        "_text": "128.0G"
      }, 
      {
        "name": "swap_used", 
        "_text": "101.5M"
      }
    ], 
    "name": "x2115", 
    "_text": "\n   "
  }, 
  {
    "hostvalue": [
      {
        "name": "arch_string", 
        "_text": "linux-x64"
      }, 
      {
        "name": "num_proc", 
        "_text": "64"
      }, 
      {
        "name": "load_avg", 
        "_text": "63.22"
      }, 
      {
        "name": "mem_total", 
        "_text": "251.5G"
      }, 
      {
        "name": "mem_used", 
        "_text": "13.3G"
      }, 
      {
        "name": "swap_total", 
        "_text": "128.0G"
      }, 
      {
        "name": "swap_used", 
        "_text": "0.0"
      }
    ], 
    "name": "x2116", 
    "_text": "\n   "
  }, 
  {
    "hostvalue": [
      {
        "name": "arch_string", 
        "_text": "linux-x64"
      }, 
      {
        "name": "num_proc", 
        "_text": "64"
      }, 
      {
        "name": "load_avg", 
        "_text": "1.01"
      }, 
      {
        "name": "mem_total", 
        "_text": "251.5G"
      }, 
      {
        "name": "mem_used", 
        "_text": "6.0G"
      }, 
      {
        "name": "swap_total", 
        "_text": "128.0G"
      }, 
      {
        "name": "swap_used", 
        "_text": "0.0"
      }
    ], 
    "name": "x2117", 
    "_text": "\n   "
  }, 
  {
    "hostvalue": [
      {
        "name": "arch_string", 
        "_text": "linux-x64"
      }, 
      {
        "name": "num_proc", 
        "_text": "64"
      }, 
      {
        "name": "load_avg", 
        "_text": "64.06"
      }, 
      {
        "name": "mem_total", 
        "_text": "251.5G"
      }, 
      {
        "name": "mem_used", 
        "_text": "107.3G"
      }, 
      {
        "name": "swap_total", 
        "_text": "128.0G"
      }, 
      {
        "name": "swap_used", 
        "_text": "0.0"
      }
    ], 
    "name": "x2118", 
    "_text": "\n   "
  }, 
  {
    "hostvalue": [
      {
        "name": "arch_string", 
        "_text": "linux-x64"
      }, 
      {
        "name": "num_proc", 
        "_text": "64"
      }, 
      {
        "name": "load_avg", 
        "_text": "63.70"
      }, 
      {
        "name": "mem_total", 
        "_text": "251.5G"
      }, 
      {
        "name": "mem_used", 
        "_text": "34.0G"
      }, 
      {
        "name": "swap_total", 
        "_text": "128.0G"
      }, 
      {
        "name": "swap_used", 
        "_text": "0.0"
      }
    ], 
    "name": "x2119", 
    "_text": "\n   "
  }, 
  {
    "hostvalue": [
      {
        "name": "arch_string", 
        "_text": "linux-x64"
      }, 
      {
        "name": "num_proc", 
        "_text": "64"
      }, 
      {
        "name": "load_avg", 
        "_text": "64.05"
      }, 
      {
        "name": "mem_total", 
        "_text": "251.5G"
      }, 
      {
        "name": "mem_used", 
        "_text": "26.1G"
      }, 
      {
        "name": "swap_total", 
        "_text": "128.0G"
      }, 
      {
        "name": "swap_used", 
        "_text": "0.0"
      }
    ], 
    "name": "x2120", 
    "_text": "\n   "
  }, 
  {
    "hostvalue": [
      {
        "name": "arch_string", 
        "_text": "linux-x64"
      }, 
      {
        "name": "num_proc", 
        "_text": "64"
      }, 
      {
        "name": "load_avg", 
        "_text": "64.06"
      }, 
      {
        "name": "mem_total", 
        "_text": "251.5G"
      }, 
      {
        "name": "mem_used", 
        "_text": "241.3G"
      }, 
      {
        "name": "swap_total", 
        "_text": "128.0G"
      }, 
      {
        "name": "swap_used", 
        "_text": "52.0G"
      }
    ], 
    "name": "x2121", 
    "_text": "\n   "
  }, 
  {
    "hostvalue": [
      {
        "name": "arch_string", 
        "_text": "linux-x64"
      }, 
      {
        "name": "num_proc", 
        "_text": "64"
      }, 
      {
        "name": "load_avg", 
        "_text": "64.14"
      }, 
      {
        "name": "mem_total", 
        "_text": "251.5G"
      }, 
      {
        "name": "mem_used", 
        "_text": "54.6G"
      }, 
      {
        "name": "swap_total", 
        "_text": "128.0G"
      }, 
      {
        "name": "swap_used", 
        "_text": "0.0"
      }
    ], 
    "name": "x2122", 
    "_text": "\n   "
  }, 
  {
    "hostvalue": [
      {
        "name": "arch_string", 
        "_text": "linux-x64"
      }, 
      {
        "name": "num_proc", 
        "_text": "64"
      }, 
      {
        "name": "load_avg", 
        "_text": "64.01"
      }, 
      {
        "name": "mem_total", 
        "_text": "251.5G"
      }, 
      {
        "name": "mem_used", 
        "_text": "57.6G"
      }, 
      {
        "name": "swap_total", 
        "_text": "128.0G"
      }, 
      {
        "name": "swap_used", 
        "_text": "0.0"
      }
    ], 
    "name": "x2123", 
    "_text": "\n   "
  }, 
  {
    "hostvalue": [
      {
        "name": "arch_string", 
        "_text": "linux-x64"
      }, 
      {
        "name": "num_proc", 
        "_text": "64"
      }, 
      {
        "name": "load_avg", 
        "_text": "63.52"
      }, 
      {
        "name": "mem_total", 
        "_text": "251.5G"
      }, 
      {
        "name": "mem_used", 
        "_text": "15.4G"
      }, 
      {
        "name": "swap_total", 
        "_text": "128.0G"
      }, 
      {
        "name": "swap_used", 
        "_text": "201.0M"
      }
    ], 
    "name": "x2124", 
    "_text": "\n   "
  }, 
  {
    "hostvalue": [
      {
        "name": "arch_string", 
        "_text": "linux-x64"
      }, 
      {
        "name": "num_proc", 
        "_text": "64"
      }, 
      {
        "name": "load_avg", 
        "_text": "64.15"
      }, 
      {
        "name": "mem_total", 
        "_text": "251.5G"
      }, 
      {
        "name": "mem_used", 
        "_text": "13.4G"
      }, 
      {
        "name": "swap_total", 
        "_text": "128.0G"
      }, 
      {
        "name": "swap_used", 
        "_text": "0.0"
      }
    ], 
    "name": "x2125", 
    "_text": "\n   "
  }, 
  {
    "hostvalue": [
      {
        "name": "arch_string", 
        "_text": "linux-x64"
      }, 
      {
        "name": "num_proc", 
        "_text": "64"
      }, 
      {
        "name": "load_avg", 
        "_text": "64.09"
      }, 
      {
        "name": "mem_total", 
        "_text": "251.5G"
      }, 
      {
        "name": "mem_used", 
        "_text": "17.2G"
      }, 
      {
        "name": "swap_total", 
        "_text": "128.0G"
      }, 
      {
        "name": "swap_used", 
        "_text": "0.0"
      }
    ], 
    "name": "x2126", 
    "_text": "\n   "
  }, 
  {
    "hostvalue": [
      {
        "name": "arch_string", 
        "_text": "linux-x64"
      }, 
      {
        "name": "num_proc", 
        "_text": "64"
      }, 
      {
        "name": "load_avg", 
        "_text": "64.09"
      }, 
      {
        "name": "mem_total", 
        "_text": "251.5G"
      }, 
      {
        "name": "mem_used", 
        "_text": "18.0G"
      }, 
      {
        "name": "swap_total", 
        "_text": "128.0G"
      }, 
      {
        "name": "swap_used", 
        "_text": "0.0"
      }
    ], 
    "name": "x2127", 
    "_text": "\n   "
  }, 
  {
    "hostvalue": [
      {
        "name": "arch_string", 
        "_text": "linux-x64"
      }, 
      {
        "name": "num_proc", 
        "_text": "64"
      }, 
      {
        "name": "load_avg", 
        "_text": "64.05"
      }, 
      {
        "name": "mem_total", 
        "_text": "251.5G"
      }, 
      {
        "name": "mem_used", 
        "_text": "65.2G"
      }, 
      {
        "name": "swap_total", 
        "_text": "128.0G"
      }, 
      {
        "name": "swap_used", 
        "_text": "0.0"
      }
    ], 
    "name": "x2128", 
    "_text": "\n   "
  }, 
  {
    "hostvalue": [
      {
        "name": "arch_string", 
        "_text": "linux-x64"
      }, 
      {
        "name": "num_proc", 
        "_text": "64"
      }, 
      {
        "name": "load_avg", 
        "_text": "64.04"
      }, 
      {
        "name": "mem_total", 
        "_text": "251.5G"
      }, 
      {
        "name": "mem_used", 
        "_text": "27.8G"
      }, 
      {
        "name": "swap_total", 
        "_text": "128.0G"
      }, 
      {
        "name": "swap_used", 
        "_text": "0.0"
      }
    ], 
    "name": "x2129", 
    "_text": "\n   "
  }, 
  {
    "hostvalue": [
      {
        "name": "arch_string", 
        "_text": "linux-x64"
      }, 
      {
        "name": "num_proc", 
        "_text": "64"
      }, 
      {
        "name": "load_avg", 
        "_text": "0.01"
      }, 
      {
        "name": "mem_total", 
        "_text": "251.5G"
      }, 
      {
        "name": "mem_used", 
        "_text": "3.3G"
      }, 
      {
        "name": "swap_total", 
        "_text": "128.0G"
      }, 
      {
        "name": "swap_used", 
        "_text": "0.0"
      }
    ], 
    "name": "x2130", 
    "_text": "\n   "
  }, 
  {
    "hostvalue": [
      {
        "name": "arch_string", 
        "_text": "linux-x64"
      }, 
      {
        "name": "num_proc", 
        "_text": "64"
      }, 
      {
        "name": "load_avg", 
        "_text": "64.05"
      }, 
      {
        "name": "mem_total", 
        "_text": "251.5G"
      }, 
      {
        "name": "mem_used", 
        "_text": "17.9G"
      }, 
      {
        "name": "swap_total", 
        "_text": "128.0G"
      }, 
      {
        "name": "swap_used", 
        "_text": "0.0"
      }
    ], 
    "name": "x2131", 
    "_text": "\n   "
  }, 
  {
    "hostvalue": [
      {
        "name": "arch_string", 
        "_text": "linux-x64"
      }, 
      {
        "name": "num_proc", 
        "_text": "64"
      }, 
      {
        "name": "load_avg", 
        "_text": "64.13"
      }, 
      {
        "name": "mem_total", 
        "_text": "251.5G"
      }, 
      {
        "name": "mem_used", 
        "_text": "34.3G"
      }, 
      {
        "name": "swap_total", 
        "_text": "128.0G"
      }, 
      {
        "name": "swap_used", 
        "_text": "0.0"
      }
    ], 
    "name": "x2132", 
    "_text": "\n   "
  }, 
  {
    "hostvalue": [
      {
        "name": "arch_string", 
        "_text": "linux-x64"
      }, 
      {
        "name": "num_proc", 
        "_text": "64"
      }, 
      {
        "name": "load_avg", 
        "_text": "64.12"
      }, 
      {
        "name": "mem_total", 
        "_text": "251.5G"
      }, 
      {
        "name": "mem_used", 
        "_text": "28.2G"
      }, 
      {
        "name": "swap_total", 
        "_text": "128.0G"
      }, 
      {
        "name": "swap_used", 
        "_text": "0.0"
      }
    ], 
    "name": "x2133", 
    "_text": "\n   "
  }, 
  {
    "hostvalue": [
      {
        "name": "arch_string", 
        "_text": "linux-x64"
      }, 
      {
        "name": "num_proc", 
        "_text": "32"
      }, 
      {
        "name": "load_avg", 
        "_text": "32.07"
      }, 
      {
        "name": "mem_total", 
        "_text": "62.8G"
      }, 
      {
        "name": "mem_used", 
        "_text": "16.3G"
      }, 
      {
        "name": "swap_total", 
        "_text": "74.0G"
      }, 
      {
        "name": "swap_used", 
        "_text": "1.2G"
      }
    ], 
    "name": "xb01", 
    "_text": "\n   "
  }, 
  {
    "hostvalue": [
      {
        "name": "arch_string", 
        "_text": "linux-x64"
      }, 
      {
        "name": "num_proc", 
        "_text": "32"
      }, 
      {
        "name": "load_avg", 
        "_text": "32.16"
      }, 
      {
        "name": "mem_total", 
        "_text": "62.8G"
      }, 
      {
        "name": "mem_used", 
        "_text": "37.8G"
      }, 
      {
        "name": "swap_total", 
        "_text": "74.0G"
      }, 
      {
        "name": "swap_used", 
        "_text": "859.7M"
      }
    ], 
    "name": "xb02", 
    "_text": "\n   "
  }, 
  {
    "hostvalue": [
      {
        "name": "arch_string", 
        "_text": "linux-x64"
      }, 
      {
        "name": "num_proc", 
        "_text": "32"
      }, 
      {
        "name": "load_avg", 
        "_text": "32.12"
      }, 
      {
        "name": "mem_total", 
        "_text": "62.8G"
      }, 
      {
        "name": "mem_used", 
        "_text": "9.0G"
      }, 
      {
        "name": "swap_total", 
        "_text": "74.0G"
      }, 
      {
        "name": "swap_used", 
        "_text": "871.3M"
      }
    ], 
    "name": "xb03", 
    "_text": "\n   "
  }, 
  {
    "hostvalue": [
      {
        "name": "arch_string", 
        "_text": "linux-x64"
      }, 
      {
        "name": "num_proc", 
        "_text": "32"
      }, 
      {
        "name": "load_avg", 
        "_text": "32.09"
      }, 
      {
        "name": "mem_total", 
        "_text": "62.8G"
      }, 
      {
        "name": "mem_used", 
        "_text": "38.0G"
      }, 
      {
        "name": "swap_total", 
        "_text": "74.0G"
      }, 
      {
        "name": "swap_used", 
        "_text": "1.0G"
      }
    ], 
    "name": "xb04", 
    "_text": "\n   "
  }, 
  {
    "hostvalue": [
      {
        "name": "arch_string", 
        "_text": "linux-x64"
      }, 
      {
        "name": "num_proc", 
        "_text": "32"
      }, 
      {
        "name": "load_avg", 
        "_text": "32.05"
      }, 
      {
        "name": "mem_total", 
        "_text": "62.8G"
      }, 
      {
        "name": "mem_used", 
        "_text": "37.8G"
      }, 
      {
        "name": "swap_total", 
        "_text": "74.0G"
      }, 
      {
        "name": "swap_used", 
        "_text": "1022.2M"
      }
    ], 
    "name": "xb05", 
    "_text": "\n   "
  }, 
  {
    "hostvalue": [
      {
        "name": "arch_string", 
        "_text": "linux-x64"
      }, 
      {
        "name": "num_proc", 
        "_text": "32"
      }, 
      {
        "name": "load_avg", 
        "_text": "32.09"
      }, 
      {
        "name": "mem_total", 
        "_text": "62.8G"
      }, 
      {
        "name": "mem_used", 
        "_text": "8.6G"
      }, 
      {
        "name": "swap_total", 
        "_text": "74.0G"
      }, 
      {
        "name": "swap_used", 
        "_text": "879.3M"
      }
    ], 
    "name": "xb06", 
    "_text": "\n   "
  }, 
  {
    "hostvalue": [
      {
        "name": "arch_string", 
        "_text": "linux-x64"
      }, 
      {
        "name": "num_proc", 
        "_text": "32"
      }, 
      {
        "name": "load_avg", 
        "_text": "31.52"
      }, 
      {
        "name": "mem_total", 
        "_text": "62.8G"
      }, 
      {
        "name": "mem_used", 
        "_text": "9.0G"
      }, 
      {
        "name": "swap_total", 
        "_text": "74.0G"
      }, 
      {
        "name": "swap_used", 
        "_text": "869.7M"
      }
    ], 
    "name": "xb07", 
    "_text": "\n   "
  }, 
  {
    "hostvalue": [
      {
        "name": "arch_string", 
        "_text": "linux-x64"
      }, 
      {
        "name": "num_proc", 
        "_text": "32"
      }, 
      {
        "name": "load_avg", 
        "_text": "32.14"
      }, 
      {
        "name": "mem_total", 
        "_text": "62.8G"
      }, 
      {
        "name": "mem_used", 
        "_text": "8.6G"
      }, 
      {
        "name": "swap_total", 
        "_text": "74.0G"
      }, 
      {
        "name": "swap_used", 
        "_text": "1.0G"
      }
    ], 
    "name": "xb08", 
    "_text": "\n   "
  }, 
  {
    "hostvalue": [
      {
        "name": "arch_string", 
        "_text": "linux-x64"
      }, 
      {
        "name": "num_proc", 
        "_text": "32"
      }, 
      {
        "name": "load_avg", 
        "_text": "31.79"
      }, 
      {
        "name": "mem_total", 
        "_text": "62.8G"
      }, 
      {
        "name": "mem_used", 
        "_text": "8.8G"
      }, 
      {
        "name": "swap_total", 
        "_text": "74.0G"
      }, 
      {
        "name": "swap_used", 
        "_text": "1.1G"
      }
    ], 
    "name": "xb09", 
    "_text": "\n   "
  }, 
  {
    "hostvalue": [
      {
        "name": "arch_string", 
        "_text": "linux-x64"
      }, 
      {
        "name": "num_proc", 
        "_text": "32"
      }, 
      {
        "name": "load_avg", 
        "_text": "32.03"
      }, 
      {
        "name": "mem_total", 
        "_text": "62.8G"
      }, 
      {
        "name": "mem_used", 
        "_text": "40.7G"
      }, 
      {
        "name": "swap_total", 
        "_text": "74.0G"
      }, 
      {
        "name": "swap_used", 
        "_text": "1.0G"
      }
    ], 
    "name": "xb10", 
    "_text": "\n   "
  }, 
  {
    "hostvalue": [
      {
        "name": "arch_string", 
        "_text": "linux-x64"
      }, 
      {
        "name": "num_proc", 
        "_text": "32"
      }, 
      {
        "name": "load_avg", 
        "_text": "32.15"
      }, 
      {
        "name": "mem_total", 
        "_text": "62.8G"
      }, 
      {
        "name": "mem_used", 
        "_text": "38.1G"
      }, 
      {
        "name": "swap_total", 
        "_text": "74.0G"
      }, 
      {
        "name": "swap_used", 
        "_text": "936.7M"
      }
    ], 
    "name": "xb11", 
    "_text": "\n   "
  }, 
  {
    "hostvalue": [
      {
        "name": "arch_string", 
        "_text": "linux-x64"
      }, 
      {
        "name": "num_proc", 
        "_text": "32"
      }, 
      {
        "name": "load_avg", 
        "_text": "32.13"
      }, 
      {
        "name": "mem_total", 
        "_text": "62.8G"
      }, 
      {
        "name": "mem_used", 
        "_text": "16.3G"
      }, 
      {
        "name": "swap_total", 
        "_text": "74.0G"
      }, 
      {
        "name": "swap_used", 
        "_text": "901.9M"
      }
    ], 
    "name": "xb12", 
    "_text": "\n   "
  }, 
  {
    "hostvalue": [
      {
        "name": "arch_string", 
        "_text": "linux-x64"
      }, 
      {
        "name": "num_proc", 
        "_text": "32"
      }, 
      {
        "name": "load_avg", 
        "_text": "32.08"
      }, 
      {
        "name": "mem_total", 
        "_text": "62.8G"
      }, 
      {
        "name": "mem_used", 
        "_text": "42.9G"
      }, 
      {
        "name": "swap_total", 
        "_text": "74.0G"
      }, 
      {
        "name": "swap_used", 
        "_text": "941.2M"
      }
    ], 
    "name": "xb13", 
    "_text": "\n   "
  }, 
  {
    "hostvalue": [
      {
        "name": "arch_string", 
        "_text": "linux-x64"
      }, 
      {
        "name": "num_proc", 
        "_text": "32"
      }, 
      {
        "name": "load_avg", 
        "_text": "32.16"
      }, 
      {
        "name": "mem_total", 
        "_text": "62.8G"
      }, 
      {
        "name": "mem_used", 
        "_text": "9.2G"
      }, 
      {
        "name": "swap_total", 
        "_text": "74.0G"
      }, 
      {
        "name": "swap_used", 
        "_text": "951.5M"
      }
    ], 
    "name": "xb14", 
    "_text": "\n   "
  }, 
  {
    "hostvalue": [
      {
        "name": "arch_string", 
        "_text": "linux-x64"
      }, 
      {
        "name": "num_proc", 
        "_text": "8"
      }, 
      {
        "name": "load_avg", 
        "_text": "-"
      }, 
      {
        "name": "mem_total", 
        "_text": "23.5G"
      }, 
      {
        "name": "mem_used", 
        "_text": "-"
      }, 
      {
        "name": "swap_total", 
        "_text": "48.0G"
      }, 
      {
        "name": "swap_used", 
        "_text": "-"
      }
    ], 
    "name": "xe00", 
    "_text": "\n   "
  }, 
  {
    "hostvalue": [
      {
        "name": "arch_string", 
        "_text": "linux-x64"
      }, 
      {
        "name": "num_proc", 
        "_text": "8"
      }, 
      {
        "name": "load_avg", 
        "_text": "-"
      }, 
      {
        "name": "mem_total", 
        "_text": "23.5G"
      }, 
      {
        "name": "mem_used", 
        "_text": "-"
      }, 
      {
        "name": "swap_total", 
        "_text": "48.0G"
      }, 
      {
        "name": "swap_used", 
        "_text": "-"
      }
    ], 
    "name": "xe01", 
    "_text": "\n   "
  }, 
  {
    "hostvalue": [
      {
        "name": "arch_string", 
        "_text": "linux-x64"
      }, 
      {
        "name": "num_proc", 
        "_text": "12"
      }, 
      {
        "name": "load_avg", 
        "_text": "-"
      }, 
      {
        "name": "mem_total", 
        "_text": "23.5G"
      }, 
      {
        "name": "mem_used", 
        "_text": "-"
      }, 
      {
        "name": "swap_total", 
        "_text": "48.0G"
      }, 
      {
        "name": "swap_used", 
        "_text": "-"
      }
    ], 
    "name": "xe02", 
    "_text": "\n   "
  }, 
  {
    "hostvalue": [
      {
        "name": "arch_string", 
        "_text": "linux-x64"
      }, 
      {
        "name": "num_proc", 
        "_text": "12"
      }, 
      {
        "name": "load_avg", 
        "_text": "-"
      }, 
      {
        "name": "mem_total", 
        "_text": "23.6G"
      }, 
      {
        "name": "mem_used", 
        "_text": "-"
      }, 
      {
        "name": "swap_total", 
        "_text": "48.0G"
      }, 
      {
        "name": "swap_used", 
        "_text": "-"
      }
    ], 
    "name": "xe03", 
    "_text": "\n   "
  }, 
  {
    "hostvalue": [
      {
        "name": "arch_string", 
        "_text": "linux-x64"
      }, 
      {
        "name": "num_proc", 
        "_text": "12"
      }, 
      {
        "name": "load_avg", 
        "_text": "-"
      }, 
      {
        "name": "mem_total", 
        "_text": "23.5G"
      }, 
      {
        "name": "mem_used", 
        "_text": "-"
      }, 
      {
        "name": "swap_total", 
        "_text": "48.0G"
      }, 
      {
        "name": "swap_used", 
        "_text": "-"
      }
    ], 
    "name": "xe04", 
    "_text": "\n   "
  }, 
  {
    "hostvalue": [
      {
        "name": "arch_string", 
        "_text": "linux-x64"
      }, 
      {
        "name": "num_proc", 
        "_text": "12"
      }, 
      {
        "name": "load_avg", 
        "_text": "-"
      }, 
      {
        "name": "mem_total", 
        "_text": "23.5G"
      }, 
      {
        "name": "mem_used", 
        "_text": "-"
      }, 
      {
        "name": "swap_total", 
        "_text": "48.0G"
      }, 
      {
        "name": "swap_used", 
        "_text": "-"
      }
    ], 
    "name": "xe05", 
    "_text": "\n   "
  }, 
  {
    "hostvalue": [
      {
        "name": "arch_string", 
        "_text": "linux-x64"
      }, 
      {
        "name": "num_proc", 
        "_text": "12"
      }, 
      {
        "name": "load_avg", 
        "_text": "-"
      }, 
      {
        "name": "mem_total", 
        "_text": "23.5G"
      }, 
      {
        "name": "mem_used", 
        "_text": "-"
      }, 
      {
        "name": "swap_total", 
        "_text": "48.0G"
      }, 
      {
        "name": "swap_used", 
        "_text": "-"
      }
    ], 
    "name": "xe06", 
    "_text": "\n   "
  }, 
  {
    "hostvalue": [
      {
        "name": "arch_string", 
        "_text": "linux-x64"
      }, 
      {
        "name": "num_proc", 
        "_text": "24"
      }, 
      {
        "name": "load_avg", 
        "_text": "-"
      }, 
      {
        "name": "mem_total", 
        "_text": "62.8G"
      }, 
      {
        "name": "mem_used", 
        "_text": "-"
      }, 
      {
        "name": "swap_total", 
        "_text": "74.0G"
      }, 
      {
        "name": "swap_used", 
        "_text": "-"
      }
    ], 
    "name": "xh01", 
    "_text": "\n   "
  }, 
  {
    "hostvalue": [
      {
        "name": "arch_string", 
        "_text": "linux-x64"
      }, 
      {
        "name": "num_proc", 
        "_text": "24"
      }, 
      {
        "name": "load_avg", 
        "_text": "-"
      }, 
      {
        "name": "mem_total", 
        "_text": "62.8G"
      }, 
      {
        "name": "mem_used", 
        "_text": "-"
      }, 
      {
        "name": "swap_total", 
        "_text": "74.0G"
      }, 
      {
        "name": "swap_used", 
        "_text": "-"
      }
    ], 
    "name": "xh02", 
    "_text": "\n   "
  }, 
  {
    "hostvalue": [
      {
        "name": "arch_string", 
        "_text": "linux-x64"
      }, 
      {
        "name": "num_proc", 
        "_text": "24"
      }, 
      {
        "name": "load_avg", 
        "_text": "-"
      }, 
      {
        "name": "mem_total", 
        "_text": "62.8G"
      }, 
      {
        "name": "mem_used", 
        "_text": "-"
      }, 
      {
        "name": "swap_total", 
        "_text": "74.0G"
      }, 
      {
        "name": "swap_used", 
        "_text": "-"
      }
    ], 
    "name": "xh03", 
    "_text": "\n   "
  }, 
  {
    "hostvalue": [
      {
        "name": "arch_string", 
        "_text": "linux-x64"
      }, 
      {
        "name": "num_proc", 
        "_text": "24"
      }, 
      {
        "name": "load_avg", 
        "_text": "-"
      }, 
      {
        "name": "mem_total", 
        "_text": "62.8G"
      }, 
      {
        "name": "mem_used", 
        "_text": "-"
      }, 
      {
        "name": "swap_total", 
        "_text": "74.0G"
      }, 
      {
        "name": "swap_used", 
        "_text": "-"
      }
    ], 
    "name": "xh04", 
    "_text": "\n   "
  }, 
  {
    "hostvalue": [
      {
        "name": "arch_string", 
        "_text": "linux-x64"
      }, 
      {
        "name": "num_proc", 
        "_text": "24"
      }, 
      {
        "name": "load_avg", 
        "_text": "-"
      }, 
      {
        "name": "mem_total", 
        "_text": "62.8G"
      }, 
      {
        "name": "mem_used", 
        "_text": "-"
      }, 
      {
        "name": "swap_total", 
        "_text": "74.0G"
      }, 
      {
        "name": "swap_used", 
        "_text": "-"
      }
    ], 
    "name": "xh05", 
    "_text": "\n   "
  }, 
  {
    "hostvalue": [
      {
        "name": "arch_string", 
        "_text": "linux-x64"
      }, 
      {
        "name": "num_proc", 
        "_text": "24"
      }, 
      {
        "name": "load_avg", 
        "_text": "-"
      }, 
      {
        "name": "mem_total", 
        "_text": "62.8G"
      }, 
      {
        "name": "mem_used", 
        "_text": "-"
      }, 
      {
        "name": "swap_total", 
        "_text": "74.0G"
      }, 
      {
        "name": "swap_used", 
        "_text": "-"
      }
    ], 
    "name": "xh06", 
    "_text": "\n   "
  }, 
  {
    "hostvalue": [
      {
        "name": "arch_string", 
        "_text": "linux-x64"
      }, 
      {
        "name": "num_proc", 
        "_text": "24"
      }, 
      {
        "name": "load_avg", 
        "_text": "-"
      }, 
      {
        "name": "mem_total", 
        "_text": "62.8G"
      }, 
      {
        "name": "mem_used", 
        "_text": "-"
      }, 
      {
        "name": "swap_total", 
        "_text": "74.0G"
      }, 
      {
        "name": "swap_used", 
        "_text": "-"
      }
    ], 
    "name": "xh07", 
    "_text": "\n   "
  }, 
  {
    "hostvalue": [
      {
        "name": "arch_string", 
        "_text": "linux-x64"
      }, 
      {
        "name": "num_proc", 
        "_text": "24"
      }, 
      {
        "name": "load_avg", 
        "_text": "-"
      }, 
      {
        "name": "mem_total", 
        "_text": "62.8G"
      }, 
      {
        "name": "mem_used", 
        "_text": "-"
      }, 
      {
        "name": "swap_total", 
        "_text": "74.0G"
      }, 
      {
        "name": "swap_used", 
        "_text": "-"
      }
    ], 
    "name": "xh08", 
    "_text": "\n   "
  }, 
  {
    "hostvalue": [
      {
        "name": "arch_string", 
        "_text": "linux-x64"
      }, 
      {
        "name": "num_proc", 
        "_text": "24"
      }, 
      {
        "name": "load_avg", 
        "_text": "-"
      }, 
      {
        "name": "mem_total", 
        "_text": "62.8G"
      }, 
      {
        "name": "mem_used", 
        "_text": "-"
      }, 
      {
        "name": "swap_total", 
        "_text": "74.0G"
      }, 
      {
        "name": "swap_used", 
        "_text": "-"
      }
    ], 
    "name": "xh09", 
    "_text": "\n   "
  }, 
  {
    "hostvalue": [
      {
        "name": "arch_string", 
        "_text": "linux-x64"
      }, 
      {
        "name": "num_proc", 
        "_text": "24"
      }, 
      {
        "name": "load_avg", 
        "_text": "-"
      }, 
      {
        "name": "mem_total", 
        "_text": "62.8G"
      }, 
      {
        "name": "mem_used", 
        "_text": "-"
      }, 
      {
        "name": "swap_total", 
        "_text": "74.0G"
      }, 
      {
        "name": "swap_used", 
        "_text": "-"
      }
    ], 
    "name": "xh10", 
    "_text": "\n   "
  }, 
  {
    "hostvalue": [
      {
        "name": "arch_string", 
        "_text": "linux-x64"
      }, 
      {
        "name": "num_proc", 
        "_text": "24"
      }, 
      {
        "name": "load_avg", 
        "_text": "-"
      }, 
      {
        "name": "mem_total", 
        "_text": "62.8G"
      }, 
      {
        "name": "mem_used", 
        "_text": "-"
      }, 
      {
        "name": "swap_total", 
        "_text": "74.0G"
      }, 
      {
        "name": "swap_used", 
        "_text": "-"
      }
    ], 
    "name": "xh11", 
    "_text": "\n   "
  }, 
  {
    "hostvalue": [
      {
        "name": "arch_string", 
        "_text": "linux-x64"
      }, 
      {
        "name": "num_proc", 
        "_text": "24"
      }, 
      {
        "name": "load_avg", 
        "_text": "-"
      }, 
      {
        "name": "mem_total", 
        "_text": "62.8G"
      }, 
      {
        "name": "mem_used", 
        "_text": "-"
      }, 
      {
        "name": "swap_total", 
        "_text": "74.0G"
      }, 
      {
        "name": "swap_used", 
        "_text": "-"
      }
    ], 
    "name": "xh12", 
    "_text": "\n   "
  }, 
  {
    "hostvalue": [
      {
        "name": "arch_string", 
        "_text": "linux-x64"
      }, 
      {
        "name": "num_proc", 
        "_text": "24"
      }, 
      {
        "name": "load_avg", 
        "_text": "-"
      }, 
      {
        "name": "mem_total", 
        "_text": "62.8G"
      }, 
      {
        "name": "mem_used", 
        "_text": "-"
      }, 
      {
        "name": "swap_total", 
        "_text": "74.0G"
      }, 
      {
        "name": "swap_used", 
        "_text": "-"
      }
    ], 
    "name": "xh13", 
    "_text": "\n   "
  }, 
  {
    "hostvalue": [
      {
        "name": "arch_string", 
        "_text": "linux-x64"
      }, 
      {
        "name": "num_proc", 
        "_text": "24"
      }, 
      {
        "name": "load_avg", 
        "_text": "-"
      }, 
      {
        "name": "mem_total", 
        "_text": "62.8G"
      }, 
      {
        "name": "mem_used", 
        "_text": "-"
      }, 
      {
        "name": "swap_total", 
        "_text": "74.0G"
      }, 
      {
        "name": "swap_used", 
        "_text": "-"
      }
    ], 
    "name": "xh14", 
    "_text": "\n   "
  }, 
  {
    "hostvalue": [
      {
        "name": "arch_string", 
        "_text": "linux-x64"
      }, 
      {
        "name": "num_proc", 
        "_text": "24"
      }, 
      {
        "name": "load_avg", 
        "_text": "-"
      }, 
      {
        "name": "mem_total", 
        "_text": "62.8G"
      }, 
      {
        "name": "mem_used", 
        "_text": "-"
      }, 
      {
        "name": "swap_total", 
        "_text": "74.0G"
      }, 
      {
        "name": "swap_used", 
        "_text": "-"
      }
    ], 
    "name": "xh15", 
    "_text": "\n   "
  }, 
  {
    "hostvalue": [
      {
        "name": "arch_string", 
        "_text": "linux-x64"
      }, 
      {
        "name": "num_proc", 
        "_text": "24"
      }, 
      {
        "name": "load_avg", 
        "_text": "-"
      }, 
      {
        "name": "mem_total", 
        "_text": "62.8G"
      }, 
      {
        "name": "mem_used", 
        "_text": "-"
      }, 
      {
        "name": "swap_total", 
        "_text": "74.0G"
      }, 
      {
        "name": "swap_used", 
        "_text": "-"
      }
    ], 
    "name": "xh16", 
    "_text": "\n   "
  }, 
  {
    "hostvalue": [
      {
        "name": "arch_string", 
        "_text": "linux-x64"
      }, 
      {
        "name": "num_proc", 
        "_text": "24"
      }, 
      {
        "name": "load_avg", 
        "_text": "-"
      }, 
      {
        "name": "mem_total", 
        "_text": "62.8G"
      }, 
      {
        "name": "mem_used", 
        "_text": "-"
      }, 
      {
        "name": "swap_total", 
        "_text": "74.0G"
      }, 
      {
        "name": "swap_used", 
        "_text": "-"
      }
    ], 
    "name": "xh17", 
    "_text": "\n   "
  }, 
  {
    "hostvalue": [
      {
        "name": "arch_string", 
        "_text": "linux-x64"
      }, 
      {
        "name": "num_proc", 
        "_text": "24"
      }, 
      {
        "name": "load_avg", 
        "_text": "-"
      }, 
      {
        "name": "mem_total", 
        "_text": "62.8G"
      }, 
      {
        "name": "mem_used", 
        "_text": "-"
      }, 
      {
        "name": "swap_total", 
        "_text": "74.0G"
      }, 
      {
        "name": "swap_used", 
        "_text": "-"
      }
    ], 
    "name": "xh18", 
    "_text": "\n   "
  }, 
  {
    "hostvalue": [
      {
        "name": "arch_string", 
        "_text": "linux-x64"
      }, 
      {
        "name": "num_proc", 
        "_text": "24"
      }, 
      {
        "name": "load_avg", 
        "_text": "-"
      }, 
      {
        "name": "mem_total", 
        "_text": "62.8G"
      }, 
      {
        "name": "mem_used", 
        "_text": "-"
      }, 
      {
        "name": "swap_total", 
        "_text": "74.0G"
      }, 
      {
        "name": "swap_used", 
        "_text": "-"
      }
    ], 
    "name": "xh19", 
    "_text": "\n   "
  }, 
  {
    "hostvalue": [
      {
        "name": "arch_string", 
        "_text": "linux-x64"
      }, 
      {
        "name": "num_proc", 
        "_text": "24"
      }, 
      {
        "name": "load_avg", 
        "_text": "-"
      }, 
      {
        "name": "mem_total", 
        "_text": "62.8G"
      }, 
      {
        "name": "mem_used", 
        "_text": "-"
      }, 
      {
        "name": "swap_total", 
        "_text": "74.0G"
      }, 
      {
        "name": "swap_used", 
        "_text": "-"
      }
    ], 
    "name": "xh20", 
    "_text": "\n   "
  }, 
  {
    "hostvalue": [
      {
        "name": "arch_string", 
        "_text": "linux-x64"
      }, 
      {
        "name": "num_proc", 
        "_text": "24"
      }, 
      {
        "name": "load_avg", 
        "_text": "-"
      }, 
      {
        "name": "mem_total", 
        "_text": "62.8G"
      }, 
      {
        "name": "mem_used", 
        "_text": "-"
      }, 
      {
        "name": "swap_total", 
        "_text": "74.0G"
      }, 
      {
        "name": "swap_used", 
        "_text": "-"
      }
    ], 
    "name": "xh21", 
    "_text": "\n   "
  }, 
  {
    "hostvalue": [
      {
        "name": "arch_string", 
        "_text": "linux-x64"
      }, 
      {
        "name": "num_proc", 
        "_text": "24"
      }, 
      {
        "name": "load_avg", 
        "_text": "-"
      }, 
      {
        "name": "mem_total", 
        "_text": "62.8G"
      }, 
      {
        "name": "mem_used", 
        "_text": "-"
      }, 
      {
        "name": "swap_total", 
        "_text": "74.0G"
      }, 
      {
        "name": "swap_used", 
        "_text": "-"
      }
    ], 
    "name": "xh22", 
    "_text": "\n   "
  }, 
  {
    "hostvalue": [
      {
        "name": "arch_string", 
        "_text": "linux-x64"
      }, 
      {
        "name": "num_proc", 
        "_text": "24"
      }, 
      {
        "name": "load_avg", 
        "_text": "-"
      }, 
      {
        "name": "mem_total", 
        "_text": "62.8G"
      }, 
      {
        "name": "mem_used", 
        "_text": "-"
      }, 
      {
        "name": "swap_total", 
        "_text": "74.0G"
      }, 
      {
        "name": "swap_used", 
        "_text": "-"
      }
    ], 
    "name": "xh23", 
    "_text": "\n   "
  }, 
  {
    "hostvalue": [
      {
        "name": "arch_string", 
        "_text": "linux-x64"
      }, 
      {
        "name": "num_proc", 
        "_text": "24"
      }, 
      {
        "name": "load_avg", 
        "_text": "-"
      }, 
      {
        "name": "mem_total", 
        "_text": "62.8G"
      }, 
      {
        "name": "mem_used", 
        "_text": "-"
      }, 
      {
        "name": "swap_total", 
        "_text": "74.0G"
      }, 
      {
        "name": "swap_used", 
        "_text": "-"
      }
    ], 
    "name": "xh24", 
    "_text": "\n   "
  }, 
  {
    "hostvalue": [
      {
        "name": "arch_string", 
        "_text": "linux-x64"
      }, 
      {
        "name": "num_proc", 
        "_text": "24"
      }, 
      {
        "name": "load_avg", 
        "_text": "-"
      }, 
      {
        "name": "mem_total", 
        "_text": "62.8G"
      }, 
      {
        "name": "mem_used", 
        "_text": "-"
      }, 
      {
        "name": "swap_total", 
        "_text": "74.0G"
      }, 
      {
        "name": "swap_used", 
        "_text": "-"
      }
    ], 
    "name": "xh25", 
    "_text": "\n   "
  }, 
  {
    "hostvalue": [
      {
        "name": "arch_string", 
        "_text": "linux-x64"
      }, 
      {
        "name": "num_proc", 
        "_text": "24"
      }, 
      {
        "name": "load_avg", 
        "_text": "-"
      }, 
      {
        "name": "mem_total", 
        "_text": "62.8G"
      }, 
      {
        "name": "mem_used", 
        "_text": "-"
      }, 
      {
        "name": "swap_total", 
        "_text": "74.0G"
      }, 
      {
        "name": "swap_used", 
        "_text": "-"
      }
    ], 
    "name": "xh26", 
    "_text": "\n   "
  }, 
  {
    "hostvalue": [
      {
        "name": "arch_string", 
        "_text": "linux-x64"
      }, 
      {
        "name": "num_proc", 
        "_text": "24"
      }, 
      {
        "name": "load_avg", 
        "_text": "-"
      }, 
      {
        "name": "mem_total", 
        "_text": "62.8G"
      }, 
      {
        "name": "mem_used", 
        "_text": "-"
      }, 
      {
        "name": "swap_total", 
        "_text": "74.0G"
      }, 
      {
        "name": "swap_used", 
        "_text": "-"
      }
    ], 
    "name": "xh27", 
    "_text": "\n   "
  }, 
  {
    "hostvalue": [
      {
        "name": "arch_string", 
        "_text": "linux-x64"
      }, 
      {
        "name": "num_proc", 
        "_text": "24"
      }, 
      {
        "name": "load_avg", 
        "_text": "-"
      }, 
      {
        "name": "mem_total", 
        "_text": "62.8G"
      }, 
      {
        "name": "mem_used", 
        "_text": "-"
      }, 
      {
        "name": "swap_total", 
        "_text": "74.0G"
      }, 
      {
        "name": "swap_used", 
        "_text": "-"
      }
    ], 
    "name": "xh28", 
    "_text": "\n   "
  }, 
  {
    "hostvalue": [
      {
        "name": "arch_string", 
        "_text": "linux-x64"
      }, 
      {
        "name": "num_proc", 
        "_text": "24"
      }, 
      {
        "name": "load_avg", 
        "_text": "-"
      }, 
      {
        "name": "mem_total", 
        "_text": "62.8G"
      }, 
      {
        "name": "mem_used", 
        "_text": "-"
      }, 
      {
        "name": "swap_total", 
        "_text": "74.0G"
      }, 
      {
        "name": "swap_used", 
        "_text": "-"
      }
    ], 
    "name": "xh29", 
    "_text": "\n   "
  }, 
  {
    "hostvalue": [
      {
        "name": "arch_string", 
        "_text": "linux-x64"
      }, 
      {
        "name": "num_proc", 
        "_text": "24"
      }, 
      {
        "name": "load_avg", 
        "_text": "-"
      }, 
      {
        "name": "mem_total", 
        "_text": "62.8G"
      }, 
      {
        "name": "mem_used", 
        "_text": "-"
      }, 
      {
        "name": "swap_total", 
        "_text": "74.0G"
      }, 
      {
        "name": "swap_used", 
        "_text": "-"
      }
    ], 
    "name": "xh30", 
    "_text": "\n   "
  }, 
  {
    "hostvalue": [
      {
        "name": "arch_string", 
        "_text": "linux-x64"
      }, 
      {
        "name": "num_proc", 
        "_text": "24"
      }, 
      {
        "name": "load_avg", 
        "_text": "24.06"
      }, 
      {
        "name": "mem_total", 
        "_text": "62.8G"
      }, 
      {
        "name": "mem_used", 
        "_text": "54.5G"
      }, 
      {
        "name": "swap_total", 
        "_text": "74.0G"
      }, 
      {
        "name": "swap_used", 
        "_text": "19.0G"
      }
    ], 
    "name": "xh31", 
    "_text": "\n   "
  }, 
  {
    "hostvalue": [
      {
        "name": "arch_string", 
        "_text": "linux-x64"
      }, 
      {
        "name": "num_proc", 
        "_text": "24"
      }, 
      {
        "name": "load_avg", 
        "_text": "23.77"
      }, 
      {
        "name": "mem_total", 
        "_text": "62.8G"
      }, 
      {
        "name": "mem_used", 
        "_text": "2.0G"
      }, 
      {
        "name": "swap_total", 
        "_text": "74.0G"
      }, 
      {
        "name": "swap_used", 
        "_text": "947.8M"
      }
    ], 
    "name": "xh32", 
    "_text": "\n   "
  }, 
  {
    "hostvalue": [
      {
        "name": "arch_string", 
        "_text": "linux-x64"
      }, 
      {
        "name": "num_proc", 
        "_text": "24"
      }, 
      {
        "name": "load_avg", 
        "_text": "23.89"
      }, 
      {
        "name": "mem_total", 
        "_text": "62.8G"
      }, 
      {
        "name": "mem_used", 
        "_text": "2.4G"
      }, 
      {
        "name": "swap_total", 
        "_text": "74.0G"
      }, 
      {
        "name": "swap_used", 
        "_text": "813.3M"
      }
    ], 
    "name": "xh33", 
    "_text": "\n   "
  }, 
  {
    "hostvalue": [
      {
        "name": "arch_string", 
        "_text": "linux-x64"
      }, 
      {
        "name": "num_proc", 
        "_text": "24"
      }, 
      {
        "name": "load_avg", 
        "_text": "24.22"
      }, 
      {
        "name": "mem_total", 
        "_text": "62.8G"
      }, 
      {
        "name": "mem_used", 
        "_text": "52.8G"
      }, 
      {
        "name": "swap_total", 
        "_text": "74.0G"
      }, 
      {
        "name": "swap_used", 
        "_text": "19.1G"
      }
    ], 
    "name": "xh34", 
    "_text": "\n   "
  }, 
  {
    "hostvalue": [
      {
        "name": "arch_string", 
        "_text": "linux-x64"
      }, 
      {
        "name": "num_proc", 
        "_text": "24"
      }, 
      {
        "name": "load_avg", 
        "_text": "24.02"
      }, 
      {
        "name": "mem_total", 
        "_text": "62.8G"
      }, 
      {
        "name": "mem_used", 
        "_text": "7.9G"
      }, 
      {
        "name": "swap_total", 
        "_text": "74.0G"
      }, 
      {
        "name": "swap_used", 
        "_text": "814.6M"
      }
    ], 
    "name": "xh35", 
    "_text": "\n   "
  }, 
  {
    "hostvalue": [
      {
        "name": "arch_string", 
        "_text": "linux-x64"
      }, 
      {
        "name": "num_proc", 
        "_text": "24"
      }, 
      {
        "name": "load_avg", 
        "_text": "23.35"
      }, 
      {
        "name": "mem_total", 
        "_text": "62.8G"
      }, 
      {
        "name": "mem_used", 
        "_text": "2.3G"
      }, 
      {
        "name": "swap_total", 
        "_text": "74.0G"
      }, 
      {
        "name": "swap_used", 
        "_text": "950.4M"
      }
    ], 
    "name": "xh36", 
    "_text": "\n   "
  }, 
  {
    "hostvalue": [
      {
        "name": "arch_string", 
        "_text": "linux-x64"
      }, 
      {
        "name": "num_proc", 
        "_text": "24"
      }, 
      {
        "name": "load_avg", 
        "_text": "0.03"
      }, 
      {
        "name": "mem_total", 
        "_text": "62.8G"
      }, 
      {
        "name": "mem_used", 
        "_text": "1.2G"
      }, 
      {
        "name": "swap_total", 
        "_text": "74.0G"
      }, 
      {
        "name": "swap_used", 
        "_text": "0.0"
      }
    ], 
    "name": "xh37", 
    "_text": "\n   "
  }, 
  {
    "hostvalue": [
      {
        "name": "arch_string", 
        "_text": "linux-x64"
      }, 
      {
        "name": "num_proc", 
        "_text": "24"
      }, 
      {
        "name": "load_avg", 
        "_text": "24.12"
      }, 
      {
        "name": "mem_total", 
        "_text": "62.8G"
      }, 
      {
        "name": "mem_used", 
        "_text": "52.5G"
      }, 
      {
        "name": "swap_total", 
        "_text": "74.0G"
      }, 
      {
        "name": "swap_used", 
        "_text": "19.1G"
      }
    ], 
    "name": "xh38", 
    "_text": "\n   "
  }, 
  {
    "hostvalue": [
      {
        "name": "arch_string", 
        "_text": "linux-x64"
      }, 
      {
        "name": "num_proc", 
        "_text": "24"
      }, 
      {
        "name": "load_avg", 
        "_text": "24.10"
      }, 
      {
        "name": "mem_total", 
        "_text": "62.8G"
      }, 
      {
        "name": "mem_used", 
        "_text": "8.0G"
      }, 
      {
        "name": "swap_total", 
        "_text": "74.0G"
      }, 
      {
        "name": "swap_used", 
        "_text": "745.8M"
      }
    ], 
    "name": "xh39", 
    "_text": "\n   "
  }, 
  {
    "hostvalue": [
      {
        "name": "arch_string", 
        "_text": "linux-x64"
      }, 
      {
        "name": "num_proc", 
        "_text": "24"
      }, 
      {
        "name": "load_avg", 
        "_text": "24.01"
      }, 
      {
        "name": "mem_total", 
        "_text": "62.8G"
      }, 
      {
        "name": "mem_used", 
        "_text": "7.0G"
      }, 
      {
        "name": "swap_total", 
        "_text": "74.0G"
      }, 
      {
        "name": "swap_used", 
        "_text": "834.9M"
      }
    ], 
    "name": "xh40", 
    "_text": "\n   "
  }, 
  {
    "hostvalue": [
      {
        "name": "arch_string", 
        "_text": "linux-x64"
      }, 
      {
        "name": "num_proc", 
        "_text": "24"
      }, 
      {
        "name": "load_avg", 
        "_text": "24.08"
      }, 
      {
        "name": "mem_total", 
        "_text": "62.8G"
      }, 
      {
        "name": "mem_used", 
        "_text": "57.7G"
      }, 
      {
        "name": "swap_total", 
        "_text": "74.0G"
      }, 
      {
        "name": "swap_used", 
        "_text": "18.8G"
      }
    ], 
    "name": "xh41", 
    "_text": "\n   "
  }, 
  {
    "hostvalue": [
      {
        "name": "arch_string", 
        "_text": "linux-x64"
      }, 
      {
        "name": "num_proc", 
        "_text": "24"
      }, 
      {
        "name": "load_avg", 
        "_text": "24.17"
      }, 
      {
        "name": "mem_total", 
        "_text": "62.8G"
      }, 
      {
        "name": "mem_used", 
        "_text": "54.3G"
      }, 
      {
        "name": "swap_total", 
        "_text": "74.0G"
      }, 
      {
        "name": "swap_used", 
        "_text": "18.6G"
      }
    ], 
    "name": "xh42", 
    "_text": "\n   "
  }, 
  {
    "hostvalue": [
      {
        "name": "arch_string", 
        "_text": "linux-x64"
      }, 
      {
        "name": "num_proc", 
        "_text": "24"
      }, 
      {
        "name": "load_avg", 
        "_text": "24.06"
      }, 
      {
        "name": "mem_total", 
        "_text": "62.8G"
      }, 
      {
        "name": "mem_used", 
        "_text": "54.4G"
      }, 
      {
        "name": "swap_total", 
        "_text": "74.0G"
      }, 
      {
        "name": "swap_used", 
        "_text": "18.4G"
      }
    ], 
    "name": "xh43", 
    "_text": "\n   "
  }, 
  {
    "hostvalue": [
      {
        "name": "arch_string", 
        "_text": "linux-x64"
      }, 
      {
        "name": "num_proc", 
        "_text": "16"
      }, 
      {
        "name": "load_avg", 
        "_text": "-"
      }, 
      {
        "name": "mem_total", 
        "_text": "125.9G"
      }, 
      {
        "name": "mem_used", 
        "_text": "-"
      }, 
      {
        "name": "swap_total", 
        "_text": "128.0G"
      }, 
      {
        "name": "swap_used", 
        "_text": "-"
      }
    ], 
    "name": "xi01", 
    "_text": "\n   "
  }, 
  {
    "hostvalue": [
      {
        "name": "arch_string", 
        "_text": "linux-x64"
      }, 
      {
        "name": "num_proc", 
        "_text": "16"
      }, 
      {
        "name": "load_avg", 
        "_text": "-"
      }, 
      {
        "name": "mem_total", 
        "_text": "125.9G"
      }, 
      {
        "name": "mem_used", 
        "_text": "-"
      }, 
      {
        "name": "swap_total", 
        "_text": "128.0G"
      }, 
      {
        "name": "swap_used", 
        "_text": "-"
      }
    ], 
    "name": "xi02", 
    "_text": "\n   "
  }, 
  {
    "hostvalue": [
      {
        "name": "arch_string", 
        "_text": "linux-x64"
      }, 
      {
        "name": "num_proc", 
        "_text": "16"
      }, 
      {
        "name": "load_avg", 
        "_text": "-"
      }, 
      {
        "name": "mem_total", 
        "_text": "125.9G"
      }, 
      {
        "name": "mem_used", 
        "_text": "-"
      }, 
      {
        "name": "swap_total", 
        "_text": "128.0G"
      }, 
      {
        "name": "swap_used", 
        "_text": "-"
      }
    ], 
    "name": "xi03", 
    "_text": "\n   "
  }, 
  {
    "hostvalue": [
      {
        "name": "arch_string", 
        "_text": "linux-x64"
      }, 
      {
        "name": "num_proc", 
        "_text": "16"
      }, 
      {
        "name": "load_avg", 
        "_text": "-"
      }, 
      {
        "name": "mem_total", 
        "_text": "125.9G"
      }, 
      {
        "name": "mem_used", 
        "_text": "-"
      }, 
      {
        "name": "swap_total", 
        "_text": "128.0G"
      }, 
      {
        "name": "swap_used", 
        "_text": "-"
      }
    ], 
    "name": "xi04", 
    "_text": "\n   "
  }, 
  {
    "hostvalue": [
      {
        "name": "arch_string", 
        "_text": "linux-x64"
      }, 
      {
        "name": "num_proc", 
        "_text": "16"
      }, 
      {
        "name": "load_avg", 
        "_text": "-"
      }, 
      {
        "name": "mem_total", 
        "_text": "125.9G"
      }, 
      {
        "name": "mem_used", 
        "_text": "-"
      }, 
      {
        "name": "swap_total", 
        "_text": "128.0G"
      }, 
      {
        "name": "swap_used", 
        "_text": "-"
      }
    ], 
    "name": "xi05", 
    "_text": "\n   "
  }, 
  {
    "hostvalue": [
      {
        "name": "arch_string", 
        "_text": "linux-x64"
      }, 
      {
        "name": "num_proc", 
        "_text": "16"
      }, 
      {
        "name": "load_avg", 
        "_text": "-"
      }, 
      {
        "name": "mem_total", 
        "_text": "125.9G"
      }, 
      {
        "name": "mem_used", 
        "_text": "-"
      }, 
      {
        "name": "swap_total", 
        "_text": "128.0G"
      }, 
      {
        "name": "swap_used", 
        "_text": "-"
      }
    ], 
    "name": "xi06", 
    "_text": "\n   "
  }, 
  {
    "hostvalue": [
      {
        "name": "arch_string", 
        "_text": "linux-x64"
      }, 
      {
        "name": "num_proc", 
        "_text": "16"
      }, 
      {
        "name": "load_avg", 
        "_text": "-"
      }, 
      {
        "name": "mem_total", 
        "_text": "125.9G"
      }, 
      {
        "name": "mem_used", 
        "_text": "-"
      }, 
      {
        "name": "swap_total", 
        "_text": "128.0G"
      }, 
      {
        "name": "swap_used", 
        "_text": "-"
      }
    ], 
    "name": "xi07", 
    "_text": "\n   "
  }, 
  {
    "hostvalue": [
      {
        "name": "arch_string", 
        "_text": "linux-x64"
      }, 
      {
        "name": "num_proc", 
        "_text": "16"
      }, 
      {
        "name": "load_avg", 
        "_text": "-"
      }, 
      {
        "name": "mem_total", 
        "_text": "125.9G"
      }, 
      {
        "name": "mem_used", 
        "_text": "-"
      }, 
      {
        "name": "swap_total", 
        "_text": "128.0G"
      }, 
      {
        "name": "swap_used", 
        "_text": "-"
      }
    ], 
    "name": "xi08", 
    "_text": "\n   "
  }, 
  {
    "hostvalue": [
      {
        "name": "arch_string", 
        "_text": "linux-x64"
      }, 
      {
        "name": "num_proc", 
        "_text": "16"
      }, 
      {
        "name": "load_avg", 
        "_text": "-"
      }, 
      {
        "name": "mem_total", 
        "_text": "125.9G"
      }, 
      {
        "name": "mem_used", 
        "_text": "-"
      }, 
      {
        "name": "swap_total", 
        "_text": "128.0G"
      }, 
      {
        "name": "swap_used", 
        "_text": "-"
      }
    ], 
    "name": "xi09", 
    "_text": "\n   "
  }, 
  {
    "hostvalue": [
      {
        "name": "arch_string", 
        "_text": "linux-x64"
      }, 
      {
        "name": "num_proc", 
        "_text": "16"
      }, 
      {
        "name": "load_avg", 
        "_text": "-"
      }, 
      {
        "name": "mem_total", 
        "_text": "125.9G"
      }, 
      {
        "name": "mem_used", 
        "_text": "-"
      }, 
      {
        "name": "swap_total", 
        "_text": "128.0G"
      }, 
      {
        "name": "swap_used", 
        "_text": "-"
      }
    ], 
    "name": "xi10", 
    "_text": "\n   "
  }, 
  {
    "hostvalue": [
      {
        "name": "arch_string", 
        "_text": "linux-x64"
      }, 
      {
        "name": "num_proc", 
        "_text": "16"
      }, 
      {
        "name": "load_avg", 
        "_text": "-"
      }, 
      {
        "name": "mem_total", 
        "_text": "125.9G"
      }, 
      {
        "name": "mem_used", 
        "_text": "-"
      }, 
      {
        "name": "swap_total", 
        "_text": "128.0G"
      }, 
      {
        "name": "swap_used", 
        "_text": "-"
      }
    ], 
    "name": "xi11", 
    "_text": "\n   "
  }, 
  {
    "hostvalue": [
      {
        "name": "arch_string", 
        "_text": "linux-x64"
      }, 
      {
        "name": "num_proc", 
        "_text": "16"
      }, 
      {
        "name": "load_avg", 
        "_text": "-"
      }, 
      {
        "name": "mem_total", 
        "_text": "125.9G"
      }, 
      {
        "name": "mem_used", 
        "_text": "-"
      }, 
      {
        "name": "swap_total", 
        "_text": "128.0G"
      }, 
      {
        "name": "swap_used", 
        "_text": "-"
      }
    ], 
    "name": "xi12", 
    "_text": "\n   "
  }, 
  {
    "hostvalue": [
      {
        "name": "arch_string", 
        "_text": "linux-x64"
      }, 
      {
        "name": "num_proc", 
        "_text": "16"
      }, 
      {
        "name": "load_avg", 
        "_text": "-"
      }, 
      {
        "name": "mem_total", 
        "_text": "125.9G"
      }, 
      {
        "name": "mem_used", 
        "_text": "-"
      }, 
      {
        "name": "swap_total", 
        "_text": "128.0G"
      }, 
      {
        "name": "swap_used", 
        "_text": "-"
      }
    ], 
    "name": "xi13", 
    "_text": "\n   "
  }, 
  {
    "hostvalue": [
      {
        "name": "arch_string", 
        "_text": "linux-x64"
      }, 
      {
        "name": "num_proc", 
        "_text": "16"
      }, 
      {
        "name": "load_avg", 
        "_text": "16.04"
      }, 
      {
        "name": "mem_total", 
        "_text": "62.9G"
      }, 
      {
        "name": "mem_used", 
        "_text": "4.4G"
      }, 
      {
        "name": "swap_total", 
        "_text": "74.0G"
      }, 
      {
        "name": "swap_used", 
        "_text": "1.0G"
      }
    ], 
    "name": "xs01", 
    "_text": "\n   "
  }, 
  {
    "hostvalue": [
      {
        "name": "arch_string", 
        "_text": "linux-x64"
      }, 
      {
        "name": "num_proc", 
        "_text": "16"
      }, 
      {
        "name": "load_avg", 
        "_text": "14.98"
      }, 
      {
        "name": "mem_total", 
        "_text": "62.9G"
      }, 
      {
        "name": "mem_used", 
        "_text": "4.1G"
      }, 
      {
        "name": "swap_total", 
        "_text": "74.0G"
      }, 
      {
        "name": "swap_used", 
        "_text": "8.0K"
      }
    ], 
    "name": "xs02", 
    "_text": "\n   "
  }, 
  {
    "hostvalue": [
      {
        "name": "arch_string", 
        "_text": "linux-x64"
      }, 
      {
        "name": "num_proc", 
        "_text": "16"
      }, 
      {
        "name": "load_avg", 
        "_text": "16.11"
      }, 
      {
        "name": "mem_total", 
        "_text": "62.9G"
      }, 
      {
        "name": "mem_used", 
        "_text": "4.4G"
      }, 
      {
        "name": "swap_total", 
        "_text": "74.0G"
      }, 
      {
        "name": "swap_used", 
        "_text": "3.3M"
      }
    ], 
    "name": "xs03", 
    "_text": "\n   "
  }, 
  {
    "hostvalue": [
      {
        "name": "arch_string", 
        "_text": "linux-x64"
      }, 
      {
        "name": "num_proc", 
        "_text": "16"
      }, 
      {
        "name": "load_avg", 
        "_text": "16.41"
      }, 
      {
        "name": "mem_total", 
        "_text": "62.9G"
      }, 
      {
        "name": "mem_used", 
        "_text": "4.3G"
      }, 
      {
        "name": "swap_total", 
        "_text": "74.0G"
      }, 
      {
        "name": "swap_used", 
        "_text": "0.0"
      }
    ], 
    "name": "xs04", 
    "_text": "\n   "
  }, 
  {
    "hostvalue": [
      {
        "name": "arch_string", 
        "_text": "linux-x64"
      }, 
      {
        "name": "num_proc", 
        "_text": "16"
      }, 
      {
        "name": "load_avg", 
        "_text": "16.03"
      }, 
      {
        "name": "mem_total", 
        "_text": "62.9G"
      }, 
      {
        "name": "mem_used", 
        "_text": "4.3G"
      }, 
      {
        "name": "swap_total", 
        "_text": "74.0G"
      }, 
      {
        "name": "swap_used", 
        "_text": "624.7M"
      }
    ], 
    "name": "xs05", 
    "_text": "\n   "
  }, 
  {
    "hostvalue": [
      {
        "name": "arch_string", 
        "_text": "linux-x64"
      }, 
      {
        "name": "num_proc", 
        "_text": "16"
      }, 
      {
        "name": "load_avg", 
        "_text": "15.24"
      }, 
      {
        "name": "mem_total", 
        "_text": "62.9G"
      }, 
      {
        "name": "mem_used", 
        "_text": "4.1G"
      }, 
      {
        "name": "swap_total", 
        "_text": "74.0G"
      }, 
      {
        "name": "swap_used", 
        "_text": "728.8M"
      }
    ], 
    "name": "xs06", 
    "_text": "\n   "
  }, 
  {
    "hostvalue": [
      {
        "name": "arch_string", 
        "_text": "linux-x64"
      }, 
      {
        "name": "num_proc", 
        "_text": "16"
      }, 
      {
        "name": "load_avg", 
        "_text": "16.00"
      }, 
      {
        "name": "mem_total", 
        "_text": "62.9G"
      }, 
      {
        "name": "mem_used", 
        "_text": "4.2G"
      }, 
      {
        "name": "swap_total", 
        "_text": "74.0G"
      }, 
      {
        "name": "swap_used", 
        "_text": "0.0"
      }
    ], 
    "name": "xs07", 
    "_text": "\n   "
  }, 
  {
    "hostvalue": [
      {
        "name": "arch_string", 
        "_text": "linux-x64"
      }, 
      {
        "name": "num_proc", 
        "_text": "16"
      }, 
      {
        "name": "load_avg", 
        "_text": "16.07"
      }, 
      {
        "name": "mem_total", 
        "_text": "62.9G"
      }, 
      {
        "name": "mem_used", 
        "_text": "4.3G"
      }, 
      {
        "name": "swap_total", 
        "_text": "74.0G"
      }, 
      {
        "name": "swap_used", 
        "_text": "458.6M"
      }
    ], 
    "name": "xs08", 
    "_text": "\n   "
  }, 
  {
    "hostvalue": [
      {
        "name": "arch_string", 
        "_text": "linux-x64"
      }, 
      {
        "name": "num_proc", 
        "_text": "16"
      }, 
      {
        "name": "load_avg", 
        "_text": "16.07"
      }, 
      {
        "name": "mem_total", 
        "_text": "62.9G"
      }, 
      {
        "name": "mem_used", 
        "_text": "4.5G"
      }, 
      {
        "name": "swap_total", 
        "_text": "74.0G"
      }, 
      {
        "name": "swap_used", 
        "_text": "286.0M"
      }
    ], 
    "name": "xs09", 
    "_text": "\n   "
  }, 
  {
    "hostvalue": [
      {
        "name": "arch_string", 
        "_text": "linux-x64"
      }, 
      {
        "name": "num_proc", 
        "_text": "16"
      }, 
      {
        "name": "load_avg", 
        "_text": "16.01"
      }, 
      {
        "name": "mem_total", 
        "_text": "62.9G"
      }, 
      {
        "name": "mem_used", 
        "_text": "4.4G"
      }, 
      {
        "name": "swap_total", 
        "_text": "74.0G"
      }, 
      {
        "name": "swap_used", 
        "_text": "505.7M"
      }
    ], 
    "name": "xs10", 
    "_text": "\n   "
  }, 
  {
    "hostvalue": [
      {
        "name": "arch_string", 
        "_text": "linux-x64"
      }, 
      {
        "name": "num_proc", 
        "_text": "16"
      }, 
      {
        "name": "load_avg", 
        "_text": "15.99"
      }, 
      {
        "name": "mem_total", 
        "_text": "62.9G"
      }, 
      {
        "name": "mem_used", 
        "_text": "4.3G"
      }, 
      {
        "name": "swap_total", 
        "_text": "74.0G"
      }, 
      {
        "name": "swap_used", 
        "_text": "0.0"
      }
    ], 
    "name": "xs11", 
    "_text": "\n   "
  }, 
  {
    "hostvalue": [
      {
        "name": "arch_string", 
        "_text": "linux-x64"
      }, 
      {
        "name": "num_proc", 
        "_text": "16"
      }, 
      {
        "name": "load_avg", 
        "_text": "15.87"
      }, 
      {
        "name": "mem_total", 
        "_text": "62.9G"
      }, 
      {
        "name": "mem_used", 
        "_text": "4.0G"
      }, 
      {
        "name": "swap_total", 
        "_text": "74.0G"
      }, 
      {
        "name": "swap_used", 
        "_text": "818.5M"
      }
    ], 
    "name": "xs12", 
    "_text": "\n   "
  }, 
  {
    "hostvalue": [
      {
        "name": "arch_string", 
        "_text": "linux-x64"
      }, 
      {
        "name": "num_proc", 
        "_text": "16"
      }, 
      {
        "name": "load_avg", 
        "_text": "16.11"
      }, 
      {
        "name": "mem_total", 
        "_text": "62.9G"
      }, 
      {
        "name": "mem_used", 
        "_text": "4.3G"
      }, 
      {
        "name": "swap_total", 
        "_text": "74.0G"
      }, 
      {
        "name": "swap_used", 
        "_text": "255.8M"
      }
    ], 
    "name": "xs13", 
    "_text": "\n   "
  }, 
  {
    "hostvalue": [
      {
        "name": "arch_string", 
        "_text": "linux-x64"
      }, 
      {
        "name": "num_proc", 
        "_text": "16"
      }, 
      {
        "name": "load_avg", 
        "_text": "16.03"
      }, 
      {
        "name": "mem_total", 
        "_text": "62.9G"
      }, 
      {
        "name": "mem_used", 
        "_text": "4.3G"
      }, 
      {
        "name": "swap_total", 
        "_text": "74.0G"
      }, 
      {
        "name": "swap_used", 
        "_text": "799.4M"
      }
    ], 
    "name": "xs14", 
    "_text": "\n   "
  }, 
  {
    "hostvalue": [
      {
        "name": "arch_string", 
        "_text": "linux-x64"
      }, 
      {
        "name": "num_proc", 
        "_text": "16"
      }, 
      {
        "name": "load_avg", 
        "_text": "16.22"
      }, 
      {
        "name": "mem_total", 
        "_text": "62.9G"
      }, 
      {
        "name": "mem_used", 
        "_text": "4.3G"
      }, 
      {
        "name": "swap_total", 
        "_text": "74.0G"
      }, 
      {
        "name": "swap_used", 
        "_text": "206.1M"
      }
    ], 
    "name": "xs15", 
    "_text": "\n   "
  }, 
  {
    "hostvalue": [
      {
        "name": "arch_string", 
        "_text": "linux-x64"
      }, 
      {
        "name": "num_proc", 
        "_text": "16"
      }, 
      {
        "name": "load_avg", 
        "_text": "16.02"
      }, 
      {
        "name": "mem_total", 
        "_text": "62.9G"
      }, 
      {
        "name": "mem_used", 
        "_text": "4.4G"
      }, 
      {
        "name": "swap_total", 
        "_text": "74.0G"
      }, 
      {
        "name": "swap_used", 
        "_text": "779.1M"
      }
    ], 
    "name": "xs16", 
    "_text": "\n   "
  }, 
  {
    "hostvalue": [
      {
        "name": "arch_string", 
        "_text": "linux-x64"
      }, 
      {
        "name": "num_proc", 
        "_text": "16"
      }, 
      {
        "name": "load_avg", 
        "_text": "15.70"
      }, 
      {
        "name": "mem_total", 
        "_text": "62.9G"
      }, 
      {
        "name": "mem_used", 
        "_text": "4.0G"
      }, 
      {
        "name": "swap_total", 
        "_text": "74.0G"
      }, 
      {
        "name": "swap_used", 
        "_text": "765.8M"
      }
    ], 
    "name": "xs17", 
    "_text": "\n   "
  }, 
  {
    "hostvalue": [
      {
        "name": "arch_string", 
        "_text": "linux-x64"
      }, 
      {
        "name": "num_proc", 
        "_text": "16"
      }, 
      {
        "name": "load_avg", 
        "_text": "16.06"
      }, 
      {
        "name": "mem_total", 
        "_text": "62.9G"
      }, 
      {
        "name": "mem_used", 
        "_text": "4.5G"
      }, 
      {
        "name": "swap_total", 
        "_text": "74.0G"
      }, 
      {
        "name": "swap_used", 
        "_text": "682.6M"
      }
    ], 
    "name": "xs18", 
    "_text": "\n   "
  }, 
  {
    "hostvalue": [
      {
        "name": "arch_string", 
        "_text": "linux-x64"
      }, 
      {
        "name": "num_proc", 
        "_text": "24"
      }, 
      {
        "name": "load_avg", 
        "_text": "24.12"
      }, 
      {
        "name": "mem_total", 
        "_text": "62.8G"
      }, 
      {
        "name": "mem_used", 
        "_text": "52.9G"
      }, 
      {
        "name": "swap_total", 
        "_text": "74.0G"
      }, 
      {
        "name": "swap_used", 
        "_text": "19.5G"
      }
    ], 
    "name": "yh01", 
    "_text": "\n   "
  }, 
  {
    "hostvalue": [
      {
        "name": "arch_string", 
        "_text": "linux-x64"
      }, 
      {
        "name": "num_proc", 
        "_text": "24"
      }, 
      {
        "name": "load_avg", 
        "_text": "24.11"
      }, 
      {
        "name": "mem_total", 
        "_text": "62.8G"
      }, 
      {
        "name": "mem_used", 
        "_text": "59.4G"
      }, 
      {
        "name": "swap_total", 
        "_text": "74.0G"
      }, 
      {
        "name": "swap_used", 
        "_text": "19.4G"
      }
    ], 
    "name": "yh02", 
    "_text": "\n   "
  }, 
  {
    "hostvalue": [
      {
        "name": "arch_string", 
        "_text": "linux-x64"
      }, 
      {
        "name": "num_proc", 
        "_text": "24"
      }, 
      {
        "name": "load_avg", 
        "_text": "21.44"
      }, 
      {
        "name": "mem_total", 
        "_text": "62.8G"
      }, 
      {
        "name": "mem_used", 
        "_text": "1.6G"
      }, 
      {
        "name": "swap_total", 
        "_text": "74.0G"
      }, 
      {
        "name": "swap_used", 
        "_text": "979.3M"
      }
    ], 
    "name": "yh03", 
    "_text": "\n   "
  }
]