<?xml version='1.0'?>
<qhost xmlns:xsd="http://gridscheduler.svn.sourceforge.net/viewvc/gridscheduler/trunk/source/dist/util/resources/schemas/qhost/qhost.xsd?revision=11">
 <host name='global'>
   <hostvalue name='arch_string'>-</hostvalue>
   <hostvalue name='num_proc'>-</hostvalue>
   <hostvalue name='load_avg'>-</hostvalue>
   <hostvalue name='mem_total'>-</hostvalue>
   <hostvalue name='mem_used'>-</hostvalue>
   <hostvalue name='swap_total'>-</hostvalue>
   <hostvalue name='swap_used'>-</hostvalue>
 </host>
 <host name='x1701'>
   <hostvalue name='arch_string'>linux-x64</hostvalue>
   <hostvalue name='num_proc'>32</hostvalue>
   <hostvalue name='load_avg'>31.89</hostvalue>
   <hostvalue name='mem_total'>93.1G</hostvalue>
   <hostvalue name='mem_used'>7.7G</hostvalue>
   <hostvalue name='swap_total'>106.0G</hostvalue>
   <hostvalue name='swap_used'>984.1M</hostvalue>
 </host>
 <host name='x1702'>
   <hostvalue name='arch_string'>linux-x64</hostvalue>
   <hostvalue name='num_proc'>32</hostvalue>
   <hostvalue name='load_avg'>32.16</hostvalue>
   <hostvalue name='mem_total'>93.1G</hostvalue>
   <hostvalue name='mem_used'>10.0G</hostvalue>
   <hostvalue name='swap_total'>106.0G</hostvalue>
   <hostvalue name='swap_used'>1.2G</hostvalue>
 </host>
 <host name='x1703'>
   <hostvalue name='arch_string'>linux-x64</hostvalue>
   <hostvalue name='num_proc'>32</hostvalue>
   <hostvalue name='load_avg'>31.75</hostvalue>
   <hostvalue name='mem_total'>93.1G</hostvalue>
   <hostvalue name='mem_used'>10.2G</hostvalue>
   <hostvalue name='swap_total'>106.0G</hostvalue>
   <hostvalue name='swap_used'>895.7M</hostvalue>
 </host>
 <host name='x1704'>
   <hostvalue name='arch_string'>linux-x64</hostvalue>
   <hostvalue name='num_proc'>32</hostvalue>
   <hostvalue name='load_avg'>63.15</hostvalue>
   <hostvalue name='mem_total'>93.1G</hostvalue>
   <hostvalue name='mem_used'>36.3G</hostvalue>
   <hostvalue name='swap_total'>106.0G</hostvalue>
   <hostvalue name='swap_used'>1.2G</hostvalue>
 </host>
 <host name='x1705'>
   <hostvalue name='arch_string'>linux-x64</hostvalue>
   <hostvalue name='num_proc'>32</hostvalue>
   <hostvalue name='load_avg'>32.12</hostvalue>
   <hostvalue name='mem_total'>93.1G</hostvalue>
   <hostvalue name='mem_used'>64.5G</hostvalue>
   <hostvalue name='swap_total'>106.0G</hostvalue>
   <hostvalue name='swap_used'>978.4M</hostvalue>
 </host>
 <host name='x1706'>
   <hostvalue name='arch_string'>linux-x64</hostvalue>
   <hostvalue name='num_proc'>32</hostvalue>
   <hostvalue name='load_avg'>32.04</hostvalue>
   <hostvalue name='mem_total'>93.1G</hostvalue>
   <hostvalue name='mem_used'>10.4G</hostvalue>
   <hostvalue name='swap_total'>106.0G</hostvalue>
   <hostvalue name='swap_used'>896.1M</hostvalue>
 </host>
 <host name='x1707'>
   <hostvalue name='arch_string'>linux-x64</hostvalue>
   <hostvalue name='num_proc'>32</hostvalue>
   <hostvalue name='load_avg'>32.00</hostvalue>
   <hostvalue name='mem_total'>93.1G</hostvalue>
   <hostvalue name='mem_used'>10.1G</hostvalue>
   <hostvalue name='swap_total'>106.0G</hostvalue>
   <hostvalue name='swap_used'>1.3G</hostvalue>
 </host>
 <host name='x1708'>
   <hostvalue name='arch_string'>linux-x64</hostvalue>
   <hostvalue name='num_proc'>32</hostvalue>
   <hostvalue name='load_avg'>32.23</hostvalue>
   <hostvalue name='mem_total'>93.1G</hostvalue>
   <hostvalue name='mem_used'>10.3G</hostvalue>
   <hostvalue name='swap_total'>106.0G</hostvalue>
   <hostvalue name='swap_used'>1.1G</hostvalue>
 </host>
 <host name='x1901'>
   <hostvalue name='arch_string'>linux-x64</hostvalue>
   <hostvalue name='num_proc'>40</hostvalue>
   <hostvalue name='load_avg'>40.05</hostvalue>
   <hostvalue name='mem_total'>187.6G</hostvalue>
   <hostvalue name='mem_used'>12.0G</hostvalue>
   <hostvalue name='swap_total'>128.0G</hostvalue>
   <hostvalue name='swap_used'>995.1M</hostvalue>
 </host>
 <host name='x1902'>
   <hostvalue name='arch_string'>linux-x64</hostvalue>
   <hostvalue name='num_proc'>40</hostvalue>
   <hostvalue name='load_avg'>79.05</hostvalue>
   <hostvalue name='mem_total'>187.6G</hostvalue>
   <hostvalue name='mem_used'>41.2G</hostvalue>
   <hostvalue name='swap_total'>128.0G</hostvalue>
   <hostvalue name='swap_used'>723.3M</hostvalue>
 </host>
 <host name='x1903'>
   <hostvalue name='arch_string'>linux-x64</hostvalue>
   <hostvalue name='num_proc'>40</hostvalue>
   <hostvalue name='load_avg'>40.02</hostvalue>
   <hostvalue name='mem_total'>187.6G</hostvalue>
   <hostvalue name='mem_used'>12.8G</hostvalue>
   <hostvalue name='swap_total'>128.0G</hostvalue>
   <hostvalue name='swap_used'>878.7M</hostvalue>
 </host>
 <host name='x1904'>
   <hostvalue name='arch_string'>linux-x64</hostvalue>
   <hostvalue name='num_proc'>40</hostvalue>
   <hostvalue name='load_avg'>40.02</hostvalue>
   <hostvalue name='mem_total'>187.6G</hostvalue>
   <hostvalue name='mem_used'>14.8G</hostvalue>
   <hostvalue name='swap_total'>128.0G</hostvalue>
   <hostvalue name='swap_used'>128.2M</hostvalue>
 </host>
 <host name='x1905'>
   <hostvalue name='arch_string'>linux-x64</hostvalue>
   <hostvalue name='num_proc'>40</hostvalue>
   <hostvalue name='load_avg'>40.06</hostvalue>
   <hostvalue name='mem_total'>187.6G</hostvalue>
   <hostvalue name='mem_used'>7.6G</hostvalue>
   <hostvalue name='swap_total'>128.0G</hostvalue>
   <hostvalue name='swap_used'>122.5M</hostvalue>
 </host>
 <host name='x1906'>
   <hostvalue name='arch_string'>linux-x64</hostvalue>
   <hostvalue name='num_proc'>40</hostvalue>
   <hostvalue name='load_avg'>40.04</hostvalue>
   <hostvalue name='mem_total'>187.6G</hostvalue>
   <hostvalue name='mem_used'>12.6G</hostvalue>
   <hostvalue name='swap_total'>128.0G</hostvalue>
   <hostvalue name='swap_used'>152.5M</hostvalue>
 </host>
 <host name='x2001'>
   <hostvalue name='arch_string'>linux-x64</hostvalue>
   <hostvalue name='num_proc'>52</hostvalue>
   <hostvalue name='load_avg'>52.15</hostvalue>
   <hostvalue name='mem_total'>187.6G</hostvalue>
   <hostvalue name='mem_used'>22.0G</hostvalue>
   <hostvalue name='swap_total'>128.0G</hostvalue>
   <hostvalue name='swap_used'>332.5M</hostvalue>
 </host>
 <host name='x2002'>
   <hostvalue name='arch_string'>linux-x64</hostvalue>
   <hostvalue name='num_proc'>52</hostvalue>
   <hostvalue name='load_avg'>52.15</hostvalue>
   <hostvalue name='mem_total'>187.6G</hostvalue>
   <hostvalue name='mem_used'>35.9G</hostvalue>
   <hostvalue name='swap_total'>128.0G</hostvalue>
   <hostvalue name='swap_used'>378.5M</hostvalue>
 </host>
 <host name='x2003'>
   <hostvalue name='arch_string'>linux-x64</hostvalue>
   <hostvalue name='num_proc'>52</hostvalue>
   <hostvalue name='load_avg'>52.14</hostvalue>
   <hostvalue name='mem_total'>187.6G</hostvalue>
   <hostvalue name='mem_used'>29.1G</hostvalue>
   <hostvalue name='swap_total'>128.0G</hostvalue>
   <hostvalue name='swap_used'>390.1M</hostvalue>
 </host>
 <host name='x2004'>
   <hostvalue name='arch_string'>linux-x64</hostvalue>
   <hostvalue name='num_proc'>52</hostvalue>
   <hostvalue name='load_avg'>51.71</hostvalue>
   <hostvalue name='mem_total'>187.6G</hostvalue>
   <hostvalue name='mem_used'>11.5G</hostvalue>
   <hostvalue name='swap_total'>128.0G</hostvalue>
   <hostvalue name='swap_used'>380.0M</hostvalue>
 </host>
 <host name='x2005'>
   <hostvalue name='arch_string'>linux-x64</hostvalue>
   <hostvalue name='num_proc'>52</hostvalue>
   <hostvalue name='load_avg'>52.09</hostvalue>
   <hostvalue name='mem_total'>187.6G</hostvalue>
   <hostvalue name='mem_used'>25.3G</hostvalue>
   <hostvalue name='swap_total'>128.0G</hostvalue>
   <hostvalue name='swap_used'>469.6M</hostvalue>
 </host>
 <host name='x2006'>
   <hostvalue name='arch_string'>linux-x64</hostvalue>
   <hostvalue name='num_proc'>52</hostvalue>
   <hostvalue name='load_avg'>52.01</hostvalue>
   <hostvalue name='mem_total'>187.6G</hostvalue>
   <hostvalue name='mem_used'>3.2G</hostvalue>
   <hostvalue name='swap_total'>128.0G</hostvalue>
   <hostvalue name='swap_used'>483.8M</hostvalue>
 </host>
 <host name='x2007'>
   <hostvalue name='arch_string'>linux-x64</hostvalue>
   <hostvalue name='num_proc'>52</hostvalue>
   <hostvalue name='load_avg'>52.18</hostvalue>
   <hostvalue name='mem_total'>187.6G</hostvalue>
   <hostvalue name='mem_used'>32.6G</hostvalue>
   <hostvalue name='swap_total'>128.0G</hostvalue>
   <hostvalue name='swap_used'>429.3M</hostvalue>
 </host>
 <host name='x2008'>
   <hostvalue name='arch_string'>linux-x64</hostvalue>
   <hostvalue name='num_proc'>52</hostvalue>
   <hostvalue name='load_avg'>52.15</hostvalue>
   <hostvalue name='mem_total'>187.6G</hostvalue>
   <hostvalue name='mem_used'>21.8G</hostvalue>
   <hostvalue name='swap_total'>128.0G</hostvalue>
   <hostvalue name='swap_used'>553.2M</hostvalue>
 </host>
 <host name='x2009'>
   <hostvalue name='arch_string'>linux-x64</hostvalue>
   <hostvalue name='num_proc'>52</hostvalue>
   <hostvalue name='load_avg'>52.02</hostvalue>
   <hostvalue name='mem_total'>187.6G</hostvalue>
   <hostvalue name='mem_used'>3.9G</hostvalue>
   <hostvalue name='swap_total'>128.0G</hostvalue>
   <hostvalue name='swap_used'>391.0M</hostvalue>
 </host>
 <host name='x2010'>
   <hostvalue name='arch_string'>linux-x64</hostvalue>
   <hostvalue name='num_proc'>52</hostvalue>
   <hostvalue name='load_avg'>52.14</hostvalue>
   <hostvalue name='mem_total'>187.6G</hostvalue>
   <hostvalue name='mem_used'>13.1G</hostvalue>
   <hostvalue name='swap_total'>128.0G</hostvalue>
   <hostvalue name='swap_used'>501.2M</hostvalue>
 </host>
 <host name='x2011'>
   <hostvalue name='arch_string'>linux-x64</hostvalue>
   <hostvalue name='num_proc'>52</hostvalue>
   <hostvalue name='load_avg'>52.38</hostvalue>
   <hostvalue name='mem_total'>187.6G</hostvalue>
   <hostvalue name='mem_used'>38.9G</hostvalue>
   <hostvalue name='swap_total'>128.0G</hostvalue>
   <hostvalue name='swap_used'>589.0M</hostvalue>
 </host>
 <host name='x2012'>
   <hostvalue name='arch_string'>linux-x64</hostvalue>
   <hostvalue name='num_proc'>52</hostvalue>
   <hostvalue name='load_avg'>52.15</hostvalue>
   <hostvalue name='mem_total'>187.6G</hostvalue>
   <hostvalue name='mem_used'>21.9G</hostvalue>
   <hostvalue name='swap_total'>128.0G</hostvalue>
   <hostvalue name='swap_used'>636.4M</hostvalue>
 </host>
 <host name='x2013'>
   <hostvalue name='arch_string'>linux-x64</hostvalue>
   <hostvalue name='num_proc'>52</hostvalue>
   <hostvalue name='load_avg'>52.01</hostvalue>
   <hostvalue name='mem_total'>187.6G</hostvalue>
   <hostvalue name='mem_used'>3.8G</hostvalue>
   <hostvalue name='swap_total'>128.0G</hostvalue>
   <hostvalue name='swap_used'>494.7M</hostvalue>
 </host>
 <host name='x2014'>
   <hostvalue name='arch_string'>linux-x64</hostvalue>
   <hostvalue name='num_proc'>52</hostvalue>
   <hostvalue name='load_avg'>54.07</hostvalue>
   <hostvalue name='mem_total'>187.6G</hostvalue>
   <hostvalue name='mem_used'>20.8G</hostvalue>
   <hostvalue name='swap_total'>128.0G</hostvalue>
   <hostvalue name='swap_used'>412.6M</hostvalue>
 </host>
 <host name='x2015'>
   <hostvalue name='arch_string'>linux-x64</hostvalue>
   <hostvalue name='num_proc'>52</hostvalue>
   <hostvalue name='load_avg'>0.01</hostvalue>
   <hostvalue name='mem_total'>187.6G</hostvalue>
   <hostvalue name='mem_used'>2.7G</hostvalue>
   <hostvalue name='swap_total'>128.0G</hostvalue>
   <hostvalue name='swap_used'>0.0</hostvalue>
 </host>
 <host name='x2016'>
   <hostvalue name='arch_string'>linux-x64</hostvalue>
   <hostvalue name='num_proc'>52</hostvalue>
   <hostvalue name='load_avg'>52.02</hostvalue>
   <hostvalue name='mem_total'>187.6G</hostvalue>
   <hostvalue name='mem_used'>12.5G</hostvalue>
   <hostvalue name='swap_total'>128.0G</hostvalue>
   <hostvalue name='swap_used'>458.6M</hostvalue>
 </host>
 <host name='x2017'>
   <hostvalue name='arch_string'>linux-x64</hostvalue>
   <hostvalue name='num_proc'>52</hostvalue>
   <hostvalue name='load_avg'>52.06</hostvalue>
   <hostvalue name='mem_total'>187.6G</hostvalue>
   <hostvalue name='mem_used'>12.0G</hostvalue>
   <hostvalue name='swap_total'>128.0G</hostvalue>
   <hostvalue name='swap_used'>514.1M</hostvalue>
 </host>
 <host name='x2018'>
   <hostvalue name='arch_string'>linux-x64</hostvalue>
   <hostvalue name='num_proc'>52</hostvalue>
   <hostvalue name='load_avg'>52.10</hostvalue>
   <hostvalue name='mem_total'>187.6G</hostvalue>
   <hostvalue name='mem_used'>3.8G</hostvalue>
   <hostvalue name='swap_total'>128.0G</hostvalue>
   <hostvalue name='swap_used'>423.1M</hostvalue>
 </host>
 <host name='x2019'>
   <hostvalue name='arch_string'>linux-x64</hostvalue>
   <hostvalue name='num_proc'>52</hostvalue>
   <hostvalue name='load_avg'>52.05</hostvalue>
   <hostvalue name='mem_total'>187.6G</hostvalue>
   <hostvalue name='mem_used'>28.3G</hostvalue>
   <hostvalue name='swap_total'>128.0G</hostvalue>
   <hostvalue name='swap_used'>535.9M</hostvalue>
 </host>
 <host name='x2020'>
   <hostvalue name='arch_string'>linux-x64</hostvalue>
   <hostvalue name='num_proc'>52</hostvalue>
   <hostvalue name='load_avg'>52.02</hostvalue>
   <hostvalue name='mem_total'>187.6G</hostvalue>
   <hostvalue name='mem_used'>13.5G</hostvalue>
   <hostvalue name='swap_total'>128.0G</hostvalue>
   <hostvalue name='swap_used'>1.1G</hostvalue>
 </host>
 <host name='x2101'>
   <hostvalue name='arch_string'>linux-x64</hostvalue>
   <hostvalue name='num_proc'>64</hostvalue>
   <hostvalue name='load_avg'>64.05</hostvalue>
   <hostvalue name='mem_total'>251.5G</hostvalue>
   <hostvalue name='mem_used'>30.4G</hostvalue>
   <hostvalue name='swap_total'>128.0G</hostvalue>
   <hostvalue name='swap_used'>0.0</hostvalue>
 </host>
 <host name='x2102'>
   <hostvalue name='arch_string'>linux-x64</hostvalue>
   <hostvalue name='num_proc'>64</hostvalue>
   <hostvalue name='load_avg'>64.07</hostvalue>
   <hostvalue name='mem_total'>251.5G</hostvalue>
   <hostvalue name='mem_used'>28.4G</hostvalue>
   <hostvalue name='swap_total'>128.0G</hostvalue>
   <hostvalue name='swap_used'>0.0</hostvalue>
 </host>
 <host name='x2103'>
   <hostvalue name='arch_string'>linux-x64</hostvalue>
   <hostvalue name='num_proc'>64</hostvalue>
   <hostvalue name='load_avg'>64.25</hostvalue>
   <hostvalue name='mem_total'>251.5G</hostvalue>
   <hostvalue name='mem_used'>65.1G</hostvalue>
   <hostvalue name='swap_total'>128.0G</hostvalue>
   <hostvalue name='swap_used'>0.0</hostvalue>
 </host>
 <host name='x2104'>
   <hostvalue name='arch_string'>linux-x64</hostvalue>
   <hostvalue name='num_proc'>64</hostvalue>
   <hostvalue name='load_avg'>64.06</hostvalue>
   <hostvalue name='mem_total'>251.5G</hostvalue>
   <hostvalue name='mem_used'>57.6G</hostvalue>
   <hostvalue name='swap_total'>128.0G</hostvalue>
   <hostvalue name='swap_used'>0.0</hostvalue>
 </host>
 <host name='x2105'>
   <hostvalue name='arch_string'>linux-x64</hostvalue>
   <hostvalue name='num_proc'>64</hostvalue>
   <hostvalue name='load_avg'>0.05</hostvalue>
   <hostvalue name='mem_total'>251.5G</hostvalue>
   <hostvalue name='mem_used'>3.1G</hostvalue>
   <hostvalue name='swap_total'>128.0G</hostvalue>
   <hostvalue name='swap_used'>0.0</hostvalue>
 </host>
 <host name='x2106'>
   <hostvalue name='arch_string'>linux-x64</hostvalue>
   <hostvalue name='num_proc'>64</hostvalue>
   <hostvalue name='load_avg'>64.05</hostvalue>
   <hostvalue name='mem_total'>251.5G</hostvalue>
   <hostvalue name='mem_used'>33.5G</hostvalue>
   <hostvalue name='swap_total'>128.0G</hostvalue>
   <hostvalue name='swap_used'>0.0</hostvalue>
 </host>
 <host name='x2107'>
   <hostvalue name='arch_string'>linux-x64</hostvalue>
   <hostvalue name='num_proc'>64</hostvalue>
   <hostvalue name='load_avg'>64.07</hostvalue>
   <hostvalue name='mem_total'>251.5G</hostvalue>
   <hostvalue name='mem_used'>65.2G</hostvalue>
   <hostvalue name='swap_total'>128.0G</hostvalue>
   <hostvalue name='swap_used'>0.0</hostvalue>
 </host>
 <host name='x2108'>
   <hostvalue name='arch_string'>linux-x64</hostvalue>
   <hostvalue name='num_proc'>64</hostvalue>
   <hostvalue name='load_avg'>64.28</hostvalue>
   <hostvalue name='mem_total'>251.5G</hostvalue>
   <hostvalue name='mem_used'>19.1G</hostvalue>
   <hostvalue name='swap_total'>128.0G</hostvalue>
   <hostvalue name='swap_used'>0.0</hostvalue>
 </host>
 <host name='x2109'>
   <hostvalue name='arch_string'>linux-x64</hostvalue>
   <hostvalue name='num_proc'>64</hostvalue>
   <hostvalue name='load_avg'>64.06</hostvalue>
   <hostvalue name='mem_total'>251.5G</hostvalue>
   <hostvalue name='mem_used'>64.9G</hostvalue>
   <hostvalue name='swap_total'>128.0G</hostvalue>
   <hostvalue name='swap_used'>177.7M</hostvalue>
 </host>
 <host name='x2110'>
   <hostvalue name='arch_string'>linux-x64</hostvalue>
   <hostvalue name='num_proc'>64</hostvalue>
   <hostvalue name='load_avg'>64.01</hostvalue>
   <hostvalue name='mem_total'>251.5G</hostvalue>
   <hostvalue name='mem_used'>17.8G</hostvalue>
   <hostvalue name='swap_total'>128.0G</hostvalue>
   <hostvalue name='swap_used'>0.0</hostvalue>
 </host>
 <host name='x2111'>
   <hostvalue name='arch_string'>linux-x64</hostvalue>
   <hostvalue name='num_proc'>64</hostvalue>
   <hostvalue name='load_avg'>63.74</hostvalue>
   <hostvalue name='mem_total'>251.5G</hostvalue>
   <hostvalue name='mem_used'>33.6G</hostvalue>
   <hostvalue name='swap_total'>128.0G</hostvalue>
   <hostvalue name='swap_used'>0.0</hostvalue>
 </host>
 <host name='x2112'>
   <hostvalue name='arch_string'>linux-x64</hostvalue>
   <hostvalue name='num_proc'>64</hostvalue>
   <hostvalue name='load_avg'>63.87</hostvalue>
   <hostvalue name='mem_total'>251.5G</hostvalue>
   <hostvalue name='mem_used'>29.9G</hostvalue>
   <hostvalue name='swap_total'>128.0G</hostvalue>
   <hostvalue name='swap_used'>0.0</hostvalue>
 </host>
 <host name='x2113'>
   <hostvalue name='arch_string'>linux-x64</hostvalue>
   <hostvalue name='num_proc'>64</hostvalue>
   <hostvalue name='load_avg'>64.13</hostvalue>
   <hostvalue name='mem_total'>251.5G</hostvalue>
   <hostvalue name='mem_used'>57.3G</hostvalue>
   <hostvalue name='swap_total'>128.0G</hostvalue>
   <hostvalue name='swap_used'>0.0</hostvalue>
 </host>
 <host name='x2114'>
   <hostvalue name='arch_string'>linux-x64</hostvalue>
   <hostvalue name='num_proc'>64</hostvalue>
   <hostvalue name='load_avg'>64.03</hostvalue>
   <hostvalue name='mem_total'>251.5G</hostvalue>
   <hostvalue name='mem_used'>114.1G</hostvalue>
   <hostvalue name='swap_total'>128.0G</hostvalue>
   <hostvalue name='swap_used'>0.0</hostvalue>
 </host>
 <host name='x2115'>
   <hostvalue name='arch_string'>linux-x64</hostvalue>
   <hostvalue name='num_proc'>64</hostvalue>
   <hostvalue name='load_avg'>64.05</hostvalue>
   <hostvalue name='mem_total'>251.5G</hostvalue>
   <hostvalue name='mem_used'>64.7G</hostvalue>
   <hostvalue name='swap_total'>128.0G</hostvalue>
   <hostvalue name='swap_used'>101.5M</hostvalue>
 </host>
 <host name='x2116'>
   <hostvalue name='arch_string'>linux-x64</hostvalue>
   <hostvalue name='num_proc'>64</hostvalue>
   <hostvalue name='load_avg'>63.22</hostvalue>
   <hostvalue name='mem_total'>251.5G</hostvalue>
   <hostvalue name='mem_used'>13.3G</hostvalue>
   <hostvalue name='swap_total'>128.0G</hostvalue>
   <hostvalue name='swap_used'>0.0</hostvalue>
 </host>
 <host name='x2117'>
   <hostvalue name='arch_string'>linux-x64</hostvalue>
   <hostvalue name='num_proc'>64</hostvalue>
   <hostvalue name='load_avg'>1.01</hostvalue>
   <hostvalue name='mem_total'>251.5G</hostvalue>
   <hostvalue name='mem_used'>6.0G</hostvalue>
   <hostvalue name='swap_total'>128.0G</hostvalue>
   <hostvalue name='swap_used'>0.0</hostvalue>
 </host>
 <host name='x2118'>
   <hostvalue name='arch_string'>linux-x64</hostvalue>
   <hostvalue name='num_proc'>64</hostvalue>
   <hostvalue name='load_avg'>64.06</hostvalue>
   <hostvalue name='mem_total'>251.5G</hostvalue>
   <hostvalue name='mem_used'>107.3G</hostvalue>
   <hostvalue name='swap_total'>128.0G</hostvalue>
   <hostvalue name='swap_used'>0.0</hostvalue>
 </host>
 <host name='x2119'>
   <hostvalue name='arch_string'>linux-x64</hostvalue>
   <hostvalue name='num_proc'>64</hostvalue>
   <hostvalue name='load_avg'>63.70</hostvalue>
   <hostvalue name='mem_total'>251.5G</hostvalue>
   <hostvalue name='mem_used'>34.0G</hostvalue>
   <hostvalue name='swap_total'>128.0G</hostvalue>
   <hostvalue name='swap_used'>0.0</hostvalue>
 </host>
 <host name='x2120'>
   <hostvalue name='arch_string'>linux-x64</hostvalue>
   <hostvalue name='num_proc'>64</hostvalue>
   <hostvalue name='load_avg'>64.05</hostvalue>
   <hostvalue name='mem_total'>251.5G</hostvalue>
   <hostvalue name='mem_used'>26.1G</hostvalue>
   <hostvalue name='swap_total'>128.0G</hostvalue>
   <hostvalue name='swap_used'>0.0</hostvalue>
 </host>
 <host name='x2121'>
   <hostvalue name='arch_string'>linux-x64</hostvalue>
   <hostvalue name='num_proc'>64</hostvalue>
   <hostvalue name='load_avg'>64.06</hostvalue>
   <hostvalue name='mem_total'>251.5G</hostvalue>
   <hostvalue name='mem_used'>241.3G</hostvalue>
   <hostvalue name='swap_total'>128.0G</hostvalue>
   <hostvalue name='swap_used'>52.0G</hostvalue>
 </host>
 <host name='x2122'>
   <hostvalue name='arch_string'>linux-x64</hostvalue>
   <hostvalue name='num_proc'>64</hostvalue>
   <hostvalue name='load_avg'>64.14</hostvalue>
   <hostvalue name='mem_total'>251.5G</hostvalue>
   <hostvalue name='mem_used'>54.6G</hostvalue>
   <hostvalue name='swap_total'>128.0G</hostvalue>
   <hostvalue name='swap_used'>0.0</hostvalue>
 </host>
 <host name='x2123'>
   <hostvalue name='arch_string'>linux-x64</hostvalue>
   <hostvalue name='num_proc'>64</hostvalue>
   <hostvalue name='load_avg'>64.01</hostvalue>
   <hostvalue name='mem_total'>251.5G</hostvalue>
   <hostvalue name='mem_used'>57.6G</hostvalue>
   <hostvalue name='swap_total'>128.0G</hostvalue>
   <hostvalue name='swap_used'>0.0</hostvalue>
 </host>
 <host name='x2124'>
   <hostvalue name='arch_string'>linux-x64</hostvalue>
   <hostvalue name='num_proc'>64</hostvalue>
   <hostvalue name='load_avg'>63.52</hostvalue>
   <hostvalue name='mem_total'>251.5G</hostvalue>
   <hostvalue name='mem_used'>15.4G</hostvalue>
   <hostvalue name='swap_total'>128.0G</hostvalue>
   <hostvalue name='swap_used'>201.0M</hostvalue>
 </host>
 <host name='x2125'>
   <hostvalue name='arch_string'>linux-x64</hostvalue>
   <hostvalue name='num_proc'>64</hostvalue>
   <hostvalue name='load_avg'>64.15</hostvalue>
   <hostvalue name='mem_total'>251.5G</hostvalue>
   <hostvalue name='mem_used'>13.4G</hostvalue>
   <hostvalue name='swap_total'>128.0G</hostvalue>
   <hostvalue name='swap_used'>0.0</hostvalue>
 </host>
 <host name='x2126'>
   <hostvalue name='arch_string'>linux-x64</hostvalue>
   <hostvalue name='num_proc'>64</hostvalue>
   <hostvalue name='load_avg'>64.09</hostvalue>
   <hostvalue name='mem_total'>251.5G</hostvalue>
   <hostvalue name='mem_used'>17.2G</hostvalue>
   <hostvalue name='swap_total'>128.0G</hostvalue>
   <hostvalue name='swap_used'>0.0</hostvalue>
 </host>
 <host name='x2127'>
   <hostvalue name='arch_string'>linux-x64</hostvalue>
   <hostvalue name='num_proc'>64</hostvalue>
   <hostvalue name='load_avg'>64.09</hostvalue>
   <hostvalue name='mem_total'>251.5G</hostvalue>
   <hostvalue name='mem_used'>18.0G</hostvalue>
   <hostvalue name='swap_total'>128.0G</hostvalue>
   <hostvalue name='swap_used'>0.0</hostvalue>
 </host>
 <host name='x2128'>
   <hostvalue name='arch_string'>linux-x64</hostvalue>
   <hostvalue name='num_proc'>64</hostvalue>
   <hostvalue name='load_avg'>64.05</hostvalue>
   <hostvalue name='mem_total'>251.5G</hostvalue>
   <hostvalue name='mem_used'>65.2G</hostvalue>
   <hostvalue name='swap_total'>128.0G</hostvalue>
   <hostvalue name='swap_used'>0.0</hostvalue>
 </host>
 <host name='x2129'>
   <hostvalue name='arch_string'>linux-x64</hostvalue>
   <hostvalue name='num_proc'>64</hostvalue>
   <hostvalue name='load_avg'>64.04</hostvalue>
   <hostvalue name='mem_total'>251.5G</hostvalue>
   <hostvalue name='mem_used'>27.8G</hostvalue>
   <hostvalue name='swap_total'>128.0G</hostvalue>
   <hostvalue name='swap_used'>0.0</hostvalue>
 </host>
 <host name='x2130'>
   <hostvalue name='arch_string'>linux-x64</hostvalue>
   <hostvalue name='num_proc'>64</hostvalue>
   <hostvalue name='load_avg'>0.01</hostvalue>
   <hostvalue name='mem_total'>251.5G</hostvalue>
   <hostvalue name='mem_used'>3.3G</hostvalue>
   <hostvalue name='swap_total'>128.0G</hostvalue>
   <hostvalue name='swap_used'>0.0</hostvalue>
 </host>
 <host name='x2131'>
   <hostvalue name='arch_string'>linux-x64</hostvalue>
   <hostvalue name='num_proc'>64</hostvalue>
   <hostvalue name='load_avg'>64.05</hostvalue>
   <hostvalue name='mem_total'>251.5G</hostvalue>
   <hostvalue name='mem_used'>17.9G</hostvalue>
   <hostvalue name='swap_total'>128.0G</hostvalue>
   <hostvalue name='swap_used'>0.0</hostvalue>
 </host>
 <host name='x2132'>
   <hostvalue name='arch_string'>linux-x64</hostvalue>
   <hostvalue name='num_proc'>64</hostvalue>
   <hostvalue name='load_avg'>64.13</hostvalue>
   <hostvalue name='mem_total'>251.5G</hostvalue>
   <hostvalue name='mem_used'>34.3G</hostvalue>
   <hostvalue name='swap_total'>128.0G</hostvalue>
   <hostvalue name='swap_used'>0.0</hostvalue>
 </host>
 <host name='x2133'>
   <hostvalue name='arch_string'>linux-x64</hostvalue>
   <hostvalue name='num_proc'>64</hostvalue>
   <hostvalue name='load_avg'>64.12</hostvalue>
   <hostvalue name='mem_total'>251.5G</hostvalue>
   <hostvalue name='mem_used'>28.2G</hostvalue>
   <hostvalue name='swap_total'>128.0G</hostvalue>
   <hostvalue name='swap_used'>0.0</hostvalue>
 </host>
 <host name='xb01'>
   <hostvalue name='arch_string'>linux-x64</hostvalue>
   <hostvalue name='num_proc'>32</hostvalue>
   <hostvalue name='load_avg'>32.07</hostvalue>
   <hostvalue name='mem_total'>62.8G</hostvalue>
   <hostvalue name='mem_used'>16.3G</hostvalue>
   <hostvalue name='swap_total'>74.0G</hostvalue>
   <hostvalue name='swap_used'>1.2G</hostvalue>
 </host>
 <host name='xb02'>
   <hostvalue name='arch_string'>linux-x64</hostvalue>
   <hostvalue name='num_proc'>32</hostvalue>
   <hostvalue name='load_avg'>32.16</hostvalue>
   <hostvalue name='mem_total'>62.8G</hostvalue>
   <hostvalue name='mem_used'>37.8G</hostvalue>
   <hostvalue name='swap_total'>74.0G</hostvalue>
   <hostvalue name='swap_used'>859.7M</hostvalue>
 </host>
 <host name='xb03'>
   <hostvalue name='arch_string'>linux-x64</hostvalue>
   <hostvalue name='num_proc'>32</hostvalue>
   <hostvalue name='load_avg'>32.12</hostvalue>
   <hostvalue name='mem_total'>62.8G</hostvalue>
   <hostvalue name='mem_used'>9.0G</hostvalue>
   <hostvalue name='swap_total'>74.0G</hostvalue>
   <hostvalue name='swap_used'>871.3M</hostvalue>
 </host>
 <host name='xb04'>
   <hostvalue name='arch_string'>linux-x64</hostvalue>
   <hostvalue name='num_proc'>32</hostvalue>
   <hostvalue name='load_avg'>32.09</hostvalue>
   <hostvalue name='mem_total'>62.8G</hostvalue>
   <hostvalue name='mem_used'>38.0G</hostvalue>
   <hostvalue name='swap_total'>74.0G</hostvalue>
   <hostvalue name='swap_used'>1.0G</hostvalue>
 </host>
 <host name='xb05'>
   <hostvalue name='arch_string'>linux-x64</hostvalue>
   <hostvalue name='num_proc'>32</hostvalue>
   <hostvalue name='load_avg'>32.05</hostvalue>
   <hostvalue name='mem_total'>62.8G</hostvalue>
   <hostvalue name='mem_used'>37.8G</hostvalue>
   <hostvalue name='swap_total'>74.0G</hostvalue>
   <hostvalue name='swap_used'>1022.2M</hostvalue>
 </host>
 <host name='xb06'>
   <hostvalue name='arch_string'>linux-x64</hostvalue>
   <hostvalue name='num_proc'>32</hostvalue>
   <hostvalue name='load_avg'>32.09</hostvalue>
   <hostvalue name='mem_total'>62.8G</hostvalue>
   <hostvalue name='mem_used'>8.6G</hostvalue>
   <hostvalue name='swap_total'>74.0G</hostvalue>
   <hostvalue name='swap_used'>879.3M</hostvalue>
 </host>
 <host name='xb07'>
   <hostvalue name='arch_string'>linux-x64</hostvalue>
   <hostvalue name='num_proc'>32</hostvalue>
   <hostvalue name='load_avg'>31.52</hostvalue>
   <hostvalue name='mem_total'>62.8G</hostvalue>
   <hostvalue name='mem_used'>9.0G</hostvalue>
   <hostvalue name='swap_total'>74.0G</hostvalue>
   <hostvalue name='swap_used'>869.7M</hostvalue>
 </host>
 <host name='xb08'>
   <hostvalue name='arch_string'>linux-x64</hostvalue>
   <hostvalue name='num_proc'>32</hostvalue>
   <hostvalue name='load_avg'>32.14</hostvalue>
   <hostvalue name='mem_total'>62.8G</hostvalue>
   <hostvalue name='mem_used'>8.6G</hostvalue>
   <hostvalue name='swap_total'>74.0G</hostvalue>
   <hostvalue name='swap_used'>1.0G</hostvalue>
 </host>
 <host name='xb09'>
   <hostvalue name='arch_string'>linux-x64</hostvalue>
   <hostvalue name='num_proc'>32</hostvalue>
   <hostvalue name='load_avg'>31.79</hostvalue>
   <hostvalue name='mem_total'>62.8G</hostvalue>
   <hostvalue name='mem_used'>8.8G</hostvalue>
   <hostvalue name='swap_total'>74.0G</hostvalue>
   <hostvalue name='swap_used'>1.1G</hostvalue>
 </host>
 <host name='xb10'>
   <hostvalue name='arch_string'>linux-x64</hostvalue>
   <hostvalue name='num_proc'>32</hostvalue>
   <hostvalue name='load_avg'>32.03</hostvalue>
   <hostvalue name='mem_total'>62.8G</hostvalue>
   <hostvalue name='mem_used'>40.7G</hostvalue>
   <hostvalue name='swap_total'>74.0G</hostvalue>
   <hostvalue name='swap_used'>1.0G</hostvalue>
 </host>
 <host name='xb11'>
   <hostvalue name='arch_string'>linux-x64</hostvalue>
   <hostvalue name='num_proc'>32</hostvalue>
   <hostvalue name='load_avg'>32.15</hostvalue>
   <hostvalue name='mem_total'>62.8G</hostvalue>
   <hostvalue name='mem_used'>38.1G</hostvalue>
   <hostvalue name='swap_total'>74.0G</hostvalue>
   <hostvalue name='swap_used'>936.7M</hostvalue>
 </host>
 <host name='xb12'>
   <hostvalue name='arch_string'>linux-x64</hostvalue>
   <hostvalue name='num_proc'>32</hostvalue>
   <hostvalue name='load_avg'>32.13</hostvalue>
   <hostvalue name='mem_total'>62.8G</hostvalue>
   <hostvalue name='mem_used'>16.3G</hostvalue>
   <hostvalue name='swap_total'>74.0G</hostvalue>
   <hostvalue name='swap_used'>901.9M</hostvalue>
 </host>
 <host name='xb13'>
   <hostvalue name='arch_string'>linux-x64</hostvalue>
   <hostvalue name='num_proc'>32</hostvalue>
   <hostvalue name='load_avg'>32.08</hostvalue>
   <hostvalue name='mem_total'>62.8G</hostvalue>
   <hostvalue name='mem_used'>42.9G</hostvalue>
   <hostvalue name='swap_total'>74.0G</hostvalue>
   <hostvalue name='swap_used'>941.2M</hostvalue>
 </host>
 <host name='xb14'>
   <hostvalue name='arch_string'>linux-x64</hostvalue>
   <hostvalue name='num_proc'>32</hostvalue>
   <hostvalue name='load_avg'>32.16</hostvalue>
   <hostvalue name='mem_total'>62.8G</hostvalue>
   <hostvalue name='mem_used'>9.2G</hostvalue>
   <hostvalue name='swap_total'>74.0G</hostvalue>
   <hostvalue name='swap_used'>951.5M</hostvalue>
 </host>
 <host name='xe00'>
   <hostvalue name='arch_string'>linux-x64</hostvalue>
   <hostvalue name='num_proc'>8</hostvalue>
   <hostvalue name='load_avg'>-</hostvalue>
   <hostvalue name='mem_total'>23.5G</hostvalue>
   <hostvalue name='mem_used'>-</hostvalue>
   <hostvalue name='swap_total'>48.0G</hostvalue>
   <hostvalue name='swap_used'>-</hostvalue>
 </host>
 <host name='xe01'>
   <hostvalue name='arch_string'>linux-x64</hostvalue>
   <hostvalue name='num_proc'>8</hostvalue>
   <hostvalue name='load_avg'>-</hostvalue>
   <hostvalue name='mem_total'>23.5G</hostvalue>
   <hostvalue name='mem_used'>-</hostvalue>
   <hostvalue name='swap_total'>48.0G</hostvalue>
   <hostvalue name='swap_used'>-</hostvalue>
 </host>
 <host name='xe02'>
   <hostvalue name='arch_string'>linux-x64</hostvalue>
   <hostvalue name='num_proc'>12</hostvalue>
   <hostvalue name='load_avg'>-</hostvalue>
   <hostvalue name='mem_total'>23.5G</hostvalue>
   <hostvalue name='mem_used'>-</hostvalue>
   <hostvalue name='swap_total'>48.0G</hostvalue>
   <hostvalue name='swap_used'>-</hostvalue>
 </host>
 <host name='xe03'>
   <hostvalue name='arch_string'>linux-x64</hostvalue>
   <hostvalue name='num_proc'>12</hostvalue>
   <hostvalue name='load_avg'>-</hostvalue>
   <hostvalue name='mem_total'>23.6G</hostvalue>
   <hostvalue name='mem_used'>-</hostvalue>
   <hostvalue name='swap_total'>48.0G</hostvalue>
   <hostvalue name='swap_used'>-</hostvalue>
 </host>
 <host name='xe04'>
   <hostvalue name='arch_string'>linux-x64</hostvalue>
   <hostvalue name='num_proc'>12</hostvalue>
   <hostvalue name='load_avg'>-</hostvalue>
   <hostvalue name='mem_total'>23.5G</hostvalue>
   <hostvalue name='mem_used'>-</hostvalue>
   <hostvalue name='swap_total'>48.0G</hostvalue>
   <hostvalue name='swap_used'>-</hostvalue>
 </host>
 <host name='xe05'>
   <hostvalue name='arch_string'>linux-x64</hostvalue>
   <hostvalue name='num_proc'>12</hostvalue>
   <hostvalue name='load_avg'>-</hostvalue>
   <hostvalue name='mem_total'>23.5G</hostvalue>
   <hostvalue name='mem_used'>-</hostvalue>
   <hostvalue name='swap_total'>48.0G</hostvalue>
   <hostvalue name='swap_used'>-</hostvalue>
 </host>
 <host name='xe06'>
   <hostvalue name='arch_string'>linux-x64</hostvalue>
   <hostvalue name='num_proc'>12</hostvalue>
   <hostvalue name='load_avg'>-</hostvalue>
   <hostvalue name='mem_total'>23.5G</hostvalue>
   <hostvalue name='mem_used'>-</hostvalue>
   <hostvalue name='swap_total'>48.0G</hostvalue>
   <hostvalue name='swap_used'>-</hostvalue>
 </host>
 <host name='xh01'>
   <hostvalue name='arch_string'>linux-x64</hostvalue>
   <hostvalue name='num_proc'>24</hostvalue>
   <hostvalue name='load_avg'>-</hostvalue>
   <hostvalue name='mem_total'>62.8G</hostvalue>
   <hostvalue name='mem_used'>-</hostvalue>
   <hostvalue name='swap_total'>74.0G</hostvalue>
   <hostvalue name='swap_used'>-</hostvalue>
 </host>
 <host name='xh02'>
   <hostvalue name='arch_string'>linux-x64</hostvalue>
   <hostvalue name='num_proc'>24</hostvalue>
   <hostvalue name='load_avg'>-</hostvalue>
   <hostvalue name='mem_total'>62.8G</hostvalue>
   <hostvalue name='mem_used'>-</hostvalue>
   <hostvalue name='swap_total'>74.0G</hostvalue>
   <hostvalue name='swap_used'>-</hostvalue>
 </host>
 <host name='xh03'>
   <hostvalue name='arch_string'>linux-x64</hostvalue>
   <hostvalue name='num_proc'>24</hostvalue>
   <hostvalue name='load_avg'>-</hostvalue>
   <hostvalue name='mem_total'>62.8G</hostvalue>
   <hostvalue name='mem_used'>-</hostvalue>
   <hostvalue name='swap_total'>74.0G</hostvalue>
   <hostvalue name='swap_used'>-</hostvalue>
 </host>
 <host name='xh04'>
   <hostvalue name='arch_string'>linux-x64</hostvalue>
   <hostvalue name='num_proc'>24</hostvalue>
   <hostvalue name='load_avg'>-</hostvalue>
   <hostvalue name='mem_total'>62.8G</hostvalue>
   <hostvalue name='mem_used'>-</hostvalue>
   <hostvalue name='swap_total'>74.0G</hostvalue>
   <hostvalue name='swap_used'>-</hostvalue>
 </host>
 <host name='xh05'>
   <hostvalue name='arch_string'>linux-x64</hostvalue>
   <hostvalue name='num_proc'>24</hostvalue>
   <hostvalue name='load_avg'>-</hostvalue>
   <hostvalue name='mem_total'>62.8G</hostvalue>
   <hostvalue name='mem_used'>-</hostvalue>
   <hostvalue name='swap_total'>74.0G</hostvalue>
   <hostvalue name='swap_used'>-</hostvalue>
 </host>
 <host name='xh06'>
   <hostvalue name='arch_string'>linux-x64</hostvalue>
   <hostvalue name='num_proc'>24</hostvalue>
   <hostvalue name='load_avg'>-</hostvalue>
   <hostvalue name='mem_total'>62.8G</hostvalue>
   <hostvalue name='mem_used'>-</hostvalue>
   <hostvalue name='swap_total'>74.0G</hostvalue>
   <hostvalue name='swap_used'>-</hostvalue>
 </host>
 <host name='xh07'>
   <hostvalue name='arch_string'>linux-x64</hostvalue>
   <hostvalue name='num_proc'>24</hostvalue>
   <hostvalue name='load_avg'>-</hostvalue>
   <hostvalue name='mem_total'>62.8G</hostvalue>
   <hostvalue name='mem_used'>-</hostvalue>
   <hostvalue name='swap_total'>74.0G</hostvalue>
   <hostvalue name='swap_used'>-</hostvalue>
 </host>
 <host name='xh08'>
   <hostvalue name='arch_string'>linux-x64</hostvalue>
   <hostvalue name='num_proc'>24</hostvalue>
   <hostvalue name='load_avg'>-</hostvalue>
   <hostvalue name='mem_total'>62.8G</hostvalue>
   <hostvalue name='mem_used'>-</hostvalue>
   <hostvalue name='swap_total'>74.0G</hostvalue>
   <hostvalue name='swap_used'>-</hostvalue>
 </host>
 <host name='xh09'>
   <hostvalue name='arch_string'>linux-x64</hostvalue>
   <hostvalue name='num_proc'>24</hostvalue>
   <hostvalue name='load_avg'>-</hostvalue>
   <hostvalue name='mem_total'>62.8G</hostvalue>
   <hostvalue name='mem_used'>-</hostvalue>
   <hostvalue name='swap_total'>74.0G</hostvalue>
   <hostvalue name='swap_used'>-</hostvalue>
 </host>
 <host name='xh10'>
   <hostvalue name='arch_string'>linux-x64</hostvalue>
   <hostvalue name='num_proc'>24</hostvalue>
   <hostvalue name='load_avg'>-</hostvalue>
   <hostvalue name='mem_total'>62.8G</hostvalue>
   <hostvalue name='mem_used'>-</hostvalue>
   <hostvalue name='swap_total'>74.0G</hostvalue>
   <hostvalue name='swap_used'>-</hostvalue>
 </host>
 <host name='xh11'>
   <hostvalue name='arch_string'>linux-x64</hostvalue>
   <hostvalue name='num_proc'>24</hostvalue>
   <hostvalue name='load_avg'>-</hostvalue>
   <hostvalue name='mem_total'>62.8G</hostvalue>
   <hostvalue name='mem_used'>-</hostvalue>
   <hostvalue name='swap_total'>74.0G</hostvalue>
   <hostvalue name='swap_used'>-</hostvalue>
 </host>
 <host name='xh12'>
   <hostvalue name='arch_string'>linux-x64</hostvalue>
   <hostvalue name='num_proc'>24</hostvalue>
   <hostvalue name='load_avg'>-</hostvalue>
   <hostvalue name='mem_total'>62.8G</hostvalue>
   <hostvalue name='mem_used'>-</hostvalue>
   <hostvalue name='swap_total'>74.0G</hostvalue>
   <hostvalue name='swap_used'>-</hostvalue>
 </host>
 <host name='xh13'>
   <hostvalue name='arch_string'>linux-x64</hostvalue>
   <hostvalue name='num_proc'>24</hostvalue>
   <hostvalue name='load_avg'>-</hostvalue>
   <hostvalue name='mem_total'>62.8G</hostvalue>
   <hostvalue name='mem_used'>-</hostvalue>
   <hostvalue name='swap_total'>74.0G</hostvalue>
   <hostvalue name='swap_used'>-</hostvalue>
 </host>
 <host name='xh14'>
   <hostvalue name='arch_string'>linux-x64</hostvalue>
   <hostvalue name='num_proc'>24</hostvalue>
   <hostvalue name='load_avg'>-</hostvalue>
   <hostvalue name='mem_total'>62.8G</hostvalue>
   <hostvalue name='mem_used'>-</hostvalue>
   <hostvalue name='swap_total'>74.0G</hostvalue>
   <hostvalue name='swap_used'>-</hostvalue>
 </host>
 <host name='xh15'>
   <hostvalue name='arch_string'>linux-x64</hostvalue>
   <hostvalue name='num_proc'>24</hostvalue>
   <hostvalue name='load_avg'>-</hostvalue>
   <hostvalue name='mem_total'>62.8G</hostvalue>
   <hostvalue name='mem_used'>-</hostvalue>
   <hostvalue name='swap_total'>74.0G</hostvalue>
   <hostvalue name='swap_used'>-</hostvalue>
 </host>
 <host name='xh16'>
   <hostvalue name='arch_string'>linux-x64</hostvalue>
   <hostvalue name='num_proc'>24</hostvalue>
   <hostvalue name='load_avg'>-</hostvalue>
   <hostvalue name='mem_total'>62.8G</hostvalue>
   <hostvalue name='mem_used'>-</hostvalue>
   <hostvalue name='swap_total'>74.0G</hostvalue>
   <hostvalue name='swap_used'>-</hostvalue>
 </host>
 <host name='xh17'>
   <hostvalue name='arch_string'>linux-x64</hostvalue>
   <hostvalue name='num_proc'>24</hostvalue>
   <hostvalue name='load_avg'>-</hostvalue>
   <hostvalue name='mem_total'>62.8G</hostvalue>
   <hostvalue name='mem_used'>-</hostvalue>
   <hostvalue name='swap_total'>74.0G</hostvalue>
   <hostvalue name='swap_used'>-</hostvalue>
 </host>
 <host name='xh18'>
   <hostvalue name='arch_string'>linux-x64</hostvalue>
   <hostvalue name='num_proc'>24</hostvalue>
   <hostvalue name='load_avg'>-</hostvalue>
   <hostvalue name='mem_total'>62.8G</hostvalue>
   <hostvalue name='mem_used'>-</hostvalue>
   <hostvalue name='swap_total'>74.0G</hostvalue>
   <hostvalue name='swap_used'>-</hostvalue>
 </host>
 <host name='xh19'>
   <hostvalue name='arch_string'>linux-x64</hostvalue>
   <hostvalue name='num_proc'>24</hostvalue>
   <hostvalue name='load_avg'>-</hostvalue>
   <hostvalue name='mem_total'>62.8G</hostvalue>
   <hostvalue name='mem_used'>-</hostvalue>
   <hostvalue name='swap_total'>74.0G</hostvalue>
   <hostvalue name='swap_used'>-</hostvalue>
 </host>
 <host name='xh20'>
   <hostvalue name='arch_string'>linux-x64</hostvalue>
   <hostvalue name='num_proc'>24</hostvalue>
   <hostvalue name='load_avg'>-</hostvalue>
   <hostvalue name='mem_total'>62.8G</hostvalue>
   <hostvalue name='mem_used'>-</hostvalue>
   <hostvalue name='swap_total'>74.0G</hostvalue>
   <hostvalue name='swap_used'>-</hostvalue>
 </host>
 <host name='xh21'>
   <hostvalue name='arch_string'>linux-x64</hostvalue>
   <hostvalue name='num_proc'>24</hostvalue>
   <hostvalue name='load_avg'>-</hostvalue>
   <hostvalue name='mem_total'>62.8G</hostvalue>
   <hostvalue name='mem_used'>-</hostvalue>
   <hostvalue name='swap_total'>74.0G</hostvalue>
   <hostvalue name='swap_used'>-</hostvalue>
 </host>
 <host name='xh22'>
   <hostvalue name='arch_string'>linux-x64</hostvalue>
   <hostvalue name='num_proc'>24</hostvalue>
   <hostvalue name='load_avg'>-</hostvalue>
   <hostvalue name='mem_total'>62.8G</hostvalue>
   <hostvalue name='mem_used'>-</hostvalue>
   <hostvalue name='swap_total'>74.0G</hostvalue>
   <hostvalue name='swap_used'>-</hostvalue>
 </host>
 <host name='xh23'>
   <hostvalue name='arch_string'>linux-x64</hostvalue>
   <hostvalue name='num_proc'>24</hostvalue>
   <hostvalue name='load_avg'>-</hostvalue>
   <hostvalue name='mem_total'>62.8G</hostvalue>
   <hostvalue name='mem_used'>-</hostvalue>
   <hostvalue name='swap_total'>74.0G</hostvalue>
   <hostvalue name='swap_used'>-</hostvalue>
 </host>
 <host name='xh24'>
   <hostvalue name='arch_string'>linux-x64</hostvalue>
   <hostvalue name='num_proc'>24</hostvalue>
   <hostvalue name='load_avg'>-</hostvalue>
   <hostvalue name='mem_total'>62.8G</hostvalue>
   <hostvalue name='mem_used'>-</hostvalue>
   <hostvalue name='swap_total'>74.0G</hostvalue>
   <hostvalue name='swap_used'>-</hostvalue>
 </host>
 <host name='xh25'>
   <hostvalue name='arch_string'>linux-x64</hostvalue>
   <hostvalue name='num_proc'>24</hostvalue>
   <hostvalue name='load_avg'>-</hostvalue>
   <hostvalue name='mem_total'>62.8G</hostvalue>
   <hostvalue name='mem_used'>-</hostvalue>
   <hostvalue name='swap_total'>74.0G</hostvalue>
   <hostvalue name='swap_used'>-</hostvalue>
 </host>
 <host name='xh26'>
   <hostvalue name='arch_string'>linux-x64</hostvalue>
   <hostvalue name='num_proc'>24</hostvalue>
   <hostvalue name='load_avg'>-</hostvalue>
   <hostvalue name='mem_total'>62.8G</hostvalue>
   <hostvalue name='mem_used'>-</hostvalue>
   <hostvalue name='swap_total'>74.0G</hostvalue>
   <hostvalue name='swap_used'>-</hostvalue>
 </host>
 <host name='xh27'>
   <hostvalue name='arch_string'>linux-x64</hostvalue>
   <hostvalue name='num_proc'>24</hostvalue>
   <hostvalue name='load_avg'>-</hostvalue>
   <hostvalue name='mem_total'>62.8G</hostvalue>
   <hostvalue name='mem_used'>-</hostvalue>
   <hostvalue name='swap_total'>74.0G</hostvalue>
   <hostvalue name='swap_used'>-</hostvalue>
 </host>
 <host name='xh28'>
   <hostvalue name='arch_string'>linux-x64</hostvalue>
   <hostvalue name='num_proc'>24</hostvalue>
   <hostvalue name='load_avg'>-</hostvalue>
   <hostvalue name='mem_total'>62.8G</hostvalue>
   <hostvalue name='mem_used'>-</hostvalue>
   <hostvalue name='swap_total'>74.0G</hostvalue>
   <hostvalue name='swap_used'>-</hostvalue>
 </host>
 <host name='xh29'>
   <hostvalue name='arch_string'>linux-x64</hostvalue>
   <hostvalue name='num_proc'>24</hostvalue>
   <hostvalue name='load_avg'>-</hostvalue>
   <hostvalue name='mem_total'>62.8G</hostvalue>
   <hostvalue name='mem_used'>-</hostvalue>
   <hostvalue name='swap_total'>74.0G</hostvalue>
   <hostvalue name='swap_used'>-</hostvalue>
 </host>
 <host name='xh30'>
   <hostvalue name='arch_string'>linux-x64</hostvalue>
   <hostvalue name='num_proc'>24</hostvalue>
   <hostvalue name='load_avg'>-</hostvalue>
   <hostvalue name='mem_total'>62.8G</hostvalue>
   <hostvalue name='mem_used'>-</hostvalue>
   <hostvalue name='swap_total'>74.0G</hostvalue>
   <hostvalue name='swap_used'>-</hostvalue>
 </host>
 <host name='xh31'>
   <hostvalue name='arch_string'>linux-x64</hostvalue>
   <hostvalue name='num_proc'>24</hostvalue>
   <hostvalue name='load_avg'>24.06</hostvalue>
   <hostvalue name='mem_total'>62.8G</hostvalue>
   <hostvalue name='mem_used'>54.5G</hostvalue>
   <hostvalue name='swap_total'>74.0G</hostvalue>
   <hostvalue name='swap_used'>19.0G</hostvalue>
 </host>
 <host name='xh32'>
   <hostvalue name='arch_string'>linux-x64</hostvalue>
   <hostvalue name='num_proc'>24</hostvalue>
   <hostvalue name='load_avg'>23.77</hostvalue>
   <hostvalue name='mem_total'>62.8G</hostvalue>
   <hostvalue name='mem_used'>2.0G</hostvalue>
   <hostvalue name='swap_total'>74.0G</hostvalue>
   <hostvalue name='swap_used'>947.8M</hostvalue>
 </host>
 <host name='xh33'>
   <hostvalue name='arch_string'>linux-x64</hostvalue>
   <hostvalue name='num_proc'>24</hostvalue>
   <hostvalue name='load_avg'>23.89</hostvalue>
   <hostvalue name='mem_total'>62.8G</hostvalue>
   <hostvalue name='mem_used'>2.4G</hostvalue>
   <hostvalue name='swap_total'>74.0G</hostvalue>
   <hostvalue name='swap_used'>813.3M</hostvalue>
 </host>
 <host name='xh34'>
   <hostvalue name='arch_string'>linux-x64</hostvalue>
   <hostvalue name='num_proc'>24</hostvalue>
   <hostvalue name='load_avg'>24.22</hostvalue>
   <hostvalue name='mem_total'>62.8G</hostvalue>
   <hostvalue name='mem_used'>52.8G</hostvalue>
   <hostvalue name='swap_total'>74.0G</hostvalue>
   <hostvalue name='swap_used'>19.1G</hostvalue>
 </host>
 <host name='xh35'>
   <hostvalue name='arch_string'>linux-x64</hostvalue>
   <hostvalue name='num_proc'>24</hostvalue>
   <hostvalue name='load_avg'>24.02</hostvalue>
   <hostvalue name='mem_total'>62.8G</hostvalue>
   <hostvalue name='mem_used'>7.9G</hostvalue>
   <hostvalue name='swap_total'>74.0G</hostvalue>
   <hostvalue name='swap_used'>814.6M</hostvalue>
 </host>
 <host name='xh36'>
   <hostvalue name='arch_string'>linux-x64</hostvalue>
   <hostvalue name='num_proc'>24</hostvalue>
   <hostvalue name='load_avg'>23.35</hostvalue>
   <hostvalue name='mem_total'>62.8G</hostvalue>
   <hostvalue name='mem_used'>2.3G</hostvalue>
   <hostvalue name='swap_total'>74.0G</hostvalue>
   <hostvalue name='swap_used'>950.4M</hostvalue>
 </host>
 <host name='xh37'>
   <hostvalue name='arch_string'>linux-x64</hostvalue>
   <hostvalue name='num_proc'>24</hostvalue>
   <hostvalue name='load_avg'>0.03</hostvalue>
   <hostvalue name='mem_total'>62.8G</hostvalue>
   <hostvalue name='mem_used'>1.2G</hostvalue>
   <hostvalue name='swap_total'>74.0G</hostvalue>
   <hostvalue name='swap_used'>0.0</hostvalue>
 </host>
 <host name='xh38'>
   <hostvalue name='arch_string'>linux-x64</hostvalue>
   <hostvalue name='num_proc'>24</hostvalue>
   <hostvalue name='load_avg'>24.12</hostvalue>
   <hostvalue name='mem_total'>62.8G</hostvalue>
   <hostvalue name='mem_used'>52.5G</hostvalue>
   <hostvalue name='swap_total'>74.0G</hostvalue>
   <hostvalue name='swap_used'>19.1G</hostvalue>
 </host>
 <host name='xh39'>
   <hostvalue name='arch_string'>linux-x64</hostvalue>
   <hostvalue name='num_proc'>24</hostvalue>
   <hostvalue name='load_avg'>24.10</hostvalue>
   <hostvalue name='mem_total'>62.8G</hostvalue>
   <hostvalue name='mem_used'>8.0G</hostvalue>
   <hostvalue name='swap_total'>74.0G</hostvalue>
   <hostvalue name='swap_used'>745.8M</hostvalue>
 </host>
 <host name='xh40'>
   <hostvalue name='arch_string'>linux-x64</hostvalue>
   <hostvalue name='num_proc'>24</hostvalue>
   <hostvalue name='load_avg'>24.01</hostvalue>
   <hostvalue name='mem_total'>62.8G</hostvalue>
   <hostvalue name='mem_used'>7.0G</hostvalue>
   <hostvalue name='swap_total'>74.0G</hostvalue>
   <hostvalue name='swap_used'>834.9M</hostvalue>
 </host>
 <host name='xh41'>
   <hostvalue name='arch_string'>linux-x64</hostvalue>
   <hostvalue name='num_proc'>24</hostvalue>
   <hostvalue name='load_avg'>24.08</hostvalue>
   <hostvalue name='mem_total'>62.8G</hostvalue>
   <hostvalue name='mem_used'>57.7G</hostvalue>
   <hostvalue name='swap_total'>74.0G</hostvalue>
   <hostvalue name='swap_used'>18.8G</hostvalue>
 </host>
 <host name='xh42'>
   <hostvalue name='arch_string'>linux-x64</hostvalue>
   <hostvalue name='num_proc'>24</hostvalue>
   <hostvalue name='load_avg'>24.17</hostvalue>
   <hostvalue name='mem_total'>62.8G</hostvalue>
   <hostvalue name='mem_used'>54.3G</hostvalue>
   <hostvalue name='swap_total'>74.0G</hostvalue>
   <hostvalue name='swap_used'>18.6G</hostvalue>
 </host>
 <host name='xh43'>
   <hostvalue name='arch_string'>linux-x64</hostvalue>
   <hostvalue name='num_proc'>24</hostvalue>
   <hostvalue name='load_avg'>24.06</hostvalue>
   <hostvalue name='mem_total'>62.8G</hostvalue>
   <hostvalue name='mem_used'>54.4G</hostvalue>
   <hostvalue name='swap_total'>74.0G</hostvalue>
   <hostvalue name='swap_used'>18.4G</hostvalue>
 </host>
 <host name='xi01'>
   <hostvalue name='arch_string'>linux-x64</hostvalue>
   <hostvalue name='num_proc'>16</hostvalue>
   <hostvalue name='load_avg'>-</hostvalue>
   <hostvalue name='mem_total'>125.9G</hostvalue>
   <hostvalue name='mem_used'>-</hostvalue>
   <hostvalue name='swap_total'>128.0G</hostvalue>
   <hostvalue name='swap_used'>-</hostvalue>
 </host>
 <host name='xi02'>
   <hostvalue name='arch_string'>linux-x64</hostvalue>
   <hostvalue name='num_proc'>16</hostvalue>
   <hostvalue name='load_avg'>-</hostvalue>
   <hostvalue name='mem_total'>125.9G</hostvalue>
   <hostvalue name='mem_used'>-</hostvalue>
   <hostvalue name='swap_total'>128.0G</hostvalue>
   <hostvalue name='swap_used'>-</hostvalue>
 </host>
 <host name='xi03'>
   <hostvalue name='arch_string'>linux-x64</hostvalue>
   <hostvalue name='num_proc'>16</hostvalue>
   <hostvalue name='load_avg'>-</hostvalue>
   <hostvalue name='mem_total'>125.9G</hostvalue>
   <hostvalue name='mem_used'>-</hostvalue>
   <hostvalue name='swap_total'>128.0G</hostvalue>
   <hostvalue name='swap_used'>-</hostvalue>
 </host>
 <host name='xi04'>
   <hostvalue name='arch_string'>linux-x64</hostvalue>
   <hostvalue name='num_proc'>16</hostvalue>
   <hostvalue name='load_avg'>-</hostvalue>
   <hostvalue name='mem_total'>125.9G</hostvalue>
   <hostvalue name='mem_used'>-</hostvalue>
   <hostvalue name='swap_total'>128.0G</hostvalue>
   <hostvalue name='swap_used'>-</hostvalue>
 </host>
 <host name='xi05'>
   <hostvalue name='arch_string'>linux-x64</hostvalue>
   <hostvalue name='num_proc'>16</hostvalue>
   <hostvalue name='load_avg'>-</hostvalue>
   <hostvalue name='mem_total'>125.9G</hostvalue>
   <hostvalue name='mem_used'>-</hostvalue>
   <hostvalue name='swap_total'>128.0G</hostvalue>
   <hostvalue name='swap_used'>-</hostvalue>
 </host>
 <host name='xi06'>
   <hostvalue name='arch_string'>linux-x64</hostvalue>
   <hostvalue name='num_proc'>16</hostvalue>
   <hostvalue name='load_avg'>-</hostvalue>
   <hostvalue name='mem_total'>125.9G</hostvalue>
   <hostvalue name='mem_used'>-</hostvalue>
   <hostvalue name='swap_total'>128.0G</hostvalue>
   <hostvalue name='swap_used'>-</hostvalue>
 </host>
 <host name='xi07'>
   <hostvalue name='arch_string'>linux-x64</hostvalue>
   <hostvalue name='num_proc'>16</hostvalue>
   <hostvalue name='load_avg'>-</hostvalue>
   <hostvalue name='mem_total'>125.9G</hostvalue>
   <hostvalue name='mem_used'>-</hostvalue>
   <hostvalue name='swap_total'>128.0G</hostvalue>
   <hostvalue name='swap_used'>-</hostvalue>
 </host>
 <host name='xi08'>
   <hostvalue name='arch_string'>linux-x64</hostvalue>
   <hostvalue name='num_proc'>16</hostvalue>
   <hostvalue name='load_avg'>-</hostvalue>
   <hostvalue name='mem_total'>125.9G</hostvalue>
   <hostvalue name='mem_used'>-</hostvalue>
   <hostvalue name='swap_total'>128.0G</hostvalue>
   <hostvalue name='swap_used'>-</hostvalue>
 </host>
 <host name='xi09'>
   <hostvalue name='arch_string'>linux-x64</hostvalue>
   <hostvalue name='num_proc'>16</hostvalue>
   <hostvalue name='load_avg'>-</hostvalue>
   <hostvalue name='mem_total'>125.9G</hostvalue>
   <hostvalue name='mem_used'>-</hostvalue>
   <hostvalue name='swap_total'>128.0G</hostvalue>
   <hostvalue name='swap_used'>-</hostvalue>
 </host>
 <host name='xi10'>
   <hostvalue name='arch_string'>linux-x64</hostvalue>
   <hostvalue name='num_proc'>16</hostvalue>
   <hostvalue name='load_avg'>-</hostvalue>
   <hostvalue name='mem_total'>125.9G</hostvalue>
   <hostvalue name='mem_used'>-</hostvalue>
   <hostvalue name='swap_total'>128.0G</hostvalue>
   <hostvalue name='swap_used'>-</hostvalue>
 </host>
 <host name='xi11'>
   <hostvalue name='arch_string'>linux-x64</hostvalue>
   <hostvalue name='num_proc'>16</hostvalue>
   <hostvalue name='load_avg'>-</hostvalue>
   <hostvalue name='mem_total'>125.9G</hostvalue>
   <hostvalue name='mem_used'>-</hostvalue>
   <hostvalue name='swap_total'>128.0G</hostvalue>
   <hostvalue name='swap_used'>-</hostvalue>
 </host>
 <host name='xi12'>
   <hostvalue name='arch_string'>linux-x64</hostvalue>
   <hostvalue name='num_proc'>16</hostvalue>
   <hostvalue name='load_avg'>-</hostvalue>
   <hostvalue name='mem_total'>125.9G</hostvalue>
   <hostvalue name='mem_used'>-</hostvalue>
   <hostvalue name='swap_total'>128.0G</hostvalue>
   <hostvalue name='swap_used'>-</hostvalue>
 </host>
 <host name='xi13'>
   <hostvalue name='arch_string'>linux-x64</hostvalue>
   <hostvalue name='num_proc'>16</hostvalue>
   <hostvalue name='load_avg'>-</hostvalue>
   <hostvalue name='mem_total'>125.9G</hostvalue>
   <hostvalue name='mem_used'>-</hostvalue>
   <hostvalue name='swap_total'>128.0G</hostvalue>
   <hostvalue name='swap_used'>-</hostvalue>
 </host>
 <host name='xs01'>
   <hostvalue name='arch_string'>linux-x64</hostvalue>
   <hostvalue name='num_proc'>16</hostvalue>
   <hostvalue name='load_avg'>16.04</hostvalue>
   <hostvalue name='mem_total'>62.9G</hostvalue>
   <hostvalue name='mem_used'>4.4G</hostvalue>
   <hostvalue name='swap_total'>74.0G</hostvalue>
   <hostvalue name='swap_used'>1.0G</hostvalue>
 </host>
 <host name='xs02'>
   <hostvalue name='arch_string'>linux-x64</hostvalue>
   <hostvalue name='num_proc'>16</hostvalue>
   <hostvalue name='load_avg'>14.98</hostvalue>
   <hostvalue name='mem_total'>62.9G</hostvalue>
   <hostvalue name='mem_used'>4.1G</hostvalue>
   <hostvalue name='swap_total'>74.0G</hostvalue>
   <hostvalue name='swap_used'>8.0K</hostvalue>
 </host>
 <host name='xs03'>
   <hostvalue name='arch_string'>linux-x64</hostvalue>
   <hostvalue name='num_proc'>16</hostvalue>
   <hostvalue name='load_avg'>16.11</hostvalue>
   <hostvalue name='mem_total'>62.9G</hostvalue>
   <hostvalue name='mem_used'>4.4G</hostvalue>
   <hostvalue name='swap_total'>74.0G</hostvalue>
   <hostvalue name='swap_used'>3.3M</hostvalue>
 </host>
 <host name='xs04'>
   <hostvalue name='arch_string'>linux-x64</hostvalue>
   <hostvalue name='num_proc'>16</hostvalue>
   <hostvalue name='load_avg'>16.41</hostvalue>
   <hostvalue name='mem_total'>62.9G</hostvalue>
   <hostvalue name='mem_used'>4.3G</hostvalue>
   <hostvalue name='swap_total'>74.0G</hostvalue>
   <hostvalue name='swap_used'>0.0</hostvalue>
 </host>
 <host name='xs05'>
   <hostvalue name='arch_string'>linux-x64</hostvalue>
   <hostvalue name='num_proc'>16</hostvalue>
   <hostvalue name='load_avg'>16.03</hostvalue>
   <hostvalue name='mem_total'>62.9G</hostvalue>
   <hostvalue name='mem_used'>4.3G</hostvalue>
   <hostvalue name='swap_total'>74.0G</hostvalue>
   <hostvalue name='swap_used'>624.7M</hostvalue>
 </host>
 <host name='xs06'>
   <hostvalue name='arch_string'>linux-x64</hostvalue>
   <hostvalue name='num_proc'>16</hostvalue>
   <hostvalue name='load_avg'>15.24</hostvalue>
   <hostvalue name='mem_total'>62.9G</hostvalue>
   <hostvalue name='mem_used'>4.1G</hostvalue>
   <hostvalue name='swap_total'>74.0G</hostvalue>
   <hostvalue name='swap_used'>728.8M</hostvalue>
 </host>
 <host name='xs07'>
   <hostvalue name='arch_string'>linux-x64</hostvalue>
   <hostvalue name='num_proc'>16</hostvalue>
   <hostvalue name='load_avg'>16.00</hostvalue>
   <hostvalue name='mem_total'>62.9G</hostvalue>
   <hostvalue name='mem_used'>4.2G</hostvalue>
   <hostvalue name='swap_total'>74.0G</hostvalue>
   <hostvalue name='swap_used'>0.0</hostvalue>
 </host>
 <host name='xs08'>
   <hostvalue name='arch_string'>linux-x64</hostvalue>
   <hostvalue name='num_proc'>16</hostvalue>
   <hostvalue name='load_avg'>16.07</hostvalue>
   <hostvalue name='mem_total'>62.9G</hostvalue>
   <hostvalue name='mem_used'>4.3G</hostvalue>
   <hostvalue name='swap_total'>74.0G</hostvalue>
   <hostvalue name='swap_used'>458.6M</hostvalue>
 </host>
 <host name='xs09'>
   <hostvalue name='arch_string'>linux-x64</hostvalue>
   <hostvalue name='num_proc'>16</hostvalue>
   <hostvalue name='load_avg'>16.07</hostvalue>
   <hostvalue name='mem_total'>62.9G</hostvalue>
   <hostvalue name='mem_used'>4.5G</hostvalue>
   <hostvalue name='swap_total'>74.0G</hostvalue>
   <hostvalue name='swap_used'>286.0M</hostvalue>
 </host>
 <host name='xs10'>
   <hostvalue name='arch_string'>linux-x64</hostvalue>
   <hostvalue name='num_proc'>16</hostvalue>
   <hostvalue name='load_avg'>16.01</hostvalue>
   <hostvalue name='mem_total'>62.9G</hostvalue>
   <hostvalue name='mem_used'>4.4G</hostvalue>
   <hostvalue name='swap_total'>74.0G</hostvalue>
   <hostvalue name='swap_used'>505.7M</hostvalue>
 </host>
 <host name='xs11'>
   <hostvalue name='arch_string'>linux-x64</hostvalue>
   <hostvalue name='num_proc'>16</hostvalue>
   <hostvalue name='load_avg'>15.99</hostvalue>
   <hostvalue name='mem_total'>62.9G</hostvalue>
   <hostvalue name='mem_used'>4.3G</hostvalue>
   <hostvalue name='swap_total'>74.0G</hostvalue>
   <hostvalue name='swap_used'>0.0</hostvalue>
 </host>
 <host name='xs12'>
   <hostvalue name='arch_string'>linux-x64</hostvalue>
   <hostvalue name='num_proc'>16</hostvalue>
   <hostvalue name='load_avg'>15.87</hostvalue>
   <hostvalue name='mem_total'>62.9G</hostvalue>
   <hostvalue name='mem_used'>4.0G</hostvalue>
   <hostvalue name='swap_total'>74.0G</hostvalue>
   <hostvalue name='swap_used'>818.5M</hostvalue>
 </host>
 <host name='xs13'>
   <hostvalue name='arch_string'>linux-x64</hostvalue>
   <hostvalue name='num_proc'>16</hostvalue>
   <hostvalue name='load_avg'>16.11</hostvalue>
   <hostvalue name='mem_total'>62.9G</hostvalue>
   <hostvalue name='mem_used'>4.3G</hostvalue>
   <hostvalue name='swap_total'>74.0G</hostvalue>
   <hostvalue name='swap_used'>255.8M</hostvalue>
 </host>
 <host name='xs14'>
   <hostvalue name='arch_string'>linux-x64</hostvalue>
   <hostvalue name='num_proc'>16</hostvalue>
   <hostvalue name='load_avg'>16.03</hostvalue>
   <hostvalue name='mem_total'>62.9G</hostvalue>
   <hostvalue name='mem_used'>4.3G</hostvalue>
   <hostvalue name='swap_total'>74.0G</hostvalue>
   <hostvalue name='swap_used'>799.4M</hostvalue>
 </host>
 <host name='xs15'>
   <hostvalue name='arch_string'>linux-x64</hostvalue>
   <hostvalue name='num_proc'>16</hostvalue>
   <hostvalue name='load_avg'>16.22</hostvalue>
   <hostvalue name='mem_total'>62.9G</hostvalue>
   <hostvalue name='mem_used'>4.3G</hostvalue>
   <hostvalue name='swap_total'>74.0G</hostvalue>
   <hostvalue name='swap_used'>206.1M</hostvalue>
 </host>
 <host name='xs16'>
   <hostvalue name='arch_string'>linux-x64</hostvalue>
   <hostvalue name='num_proc'>16</hostvalue>
   <hostvalue name='load_avg'>16.02</hostvalue>
   <hostvalue name='mem_total'>62.9G</hostvalue>
   <hostvalue name='mem_used'>4.4G</hostvalue>
   <hostvalue name='swap_total'>74.0G</hostvalue>
   <hostvalue name='swap_used'>779.1M</hostvalue>
 </host>
 <host name='xs17'>
   <hostvalue name='arch_string'>linux-x64</hostvalue>
   <hostvalue name='num_proc'>16</hostvalue>
   <hostvalue name='load_avg'>15.70</hostvalue>
   <hostvalue name='mem_total'>62.9G</hostvalue>
   <hostvalue name='mem_used'>4.0G</hostvalue>
   <hostvalue name='swap_total'>74.0G</hostvalue>
   <hostvalue name='swap_used'>765.8M</hostvalue>
 </host>
 <host name='xs18'>
   <hostvalue name='arch_string'>linux-x64</hostvalue>
   <hostvalue name='num_proc'>16</hostvalue>
   <hostvalue name='load_avg'>16.06</hostvalue>
   <hostvalue name='mem_total'>62.9G</hostvalue>
   <hostvalue name='mem_used'>4.5G</hostvalue>
   <hostvalue name='swap_total'>74.0G</hostvalue>
   <hostvalue name='swap_used'>682.6M</hostvalue>
 </host>
 <host name='yh01'>
   <hostvalue name='arch_string'>linux-x64</hostvalue>
   <hostvalue name='num_proc'>24</hostvalue>
   <hostvalue name='load_avg'>24.12</hostvalue>
   <hostvalue name='mem_total'>62.8G</hostvalue>
   <hostvalue name='mem_used'>52.9G</hostvalue>
   <hostvalue name='swap_total'>74.0G</hostvalue>
   <hostvalue name='swap_used'>19.5G</hostvalue>
 </host>
 <host name='yh02'>
   <hostvalue name='arch_string'>linux-x64</hostvalue>
   <hostvalue name='num_proc'>24</hostvalue>
   <hostvalue name='load_avg'>24.11</hostvalue>
   <hostvalue name='mem_total'>62.8G</hostvalue>
   <hostvalue name='mem_used'>59.4G</hostvalue>
   <hostvalue name='swap_total'>74.0G</hostvalue>
   <hostvalue name='swap_used'>19.4G</hostvalue>
 </host>
 <host name='yh03'>
   <hostvalue name='arch_string'>linux-x64</hostvalue>
   <hostvalue name='num_proc'>24</hostvalue>
   <hostvalue name='load_avg'>21.44</hostvalue>
   <hostvalue name='mem_total'>62.8G</hostvalue>
   <hostvalue name='mem_used'>1.6G</hostvalue>
   <hostvalue name='swap_total'>74.0G</hostvalue>
   <hostvalue name='swap_used'>979.3M</hostvalue>
 </host>
</qhost>
